{"/home/schrn/Documents/Abizarah/Hacktiv8-Phase-3/Finalproject/new Courters/CourterC-server/server/app.js": {"path":"/home/schrn/Documents/Abizarah/Hacktiv8-Phase-3/Finalproject/new Courters/CourterC-server/server/app.js","statementMap":{"0":{"start":{"line":1,"column":0},"end":{"line":3,"column":1}},"1":{"start":{"line":2,"column":2},"end":{"line":2,"column":29}},"2":{"start":{"line":5,"column":16},"end":{"line":5,"column":34}},"3":{"start":{"line":6,"column":12},"end":{"line":6,"column":21}},"4":{"start":{"line":7,"column":15},"end":{"line":7,"column":35}},"5":{"start":{"line":9,"column":13},"end":{"line":9,"column":28}},"6":{"start":{"line":10,"column":22},"end":{"line":10,"column":60}},"7":{"start":{"line":12,"column":0},"end":{"line":12,"column":16}},"8":{"start":{"line":13,"column":0},"end":{"line":13,"column":48}},"9":{"start":{"line":14,"column":0},"end":{"line":14,"column":24}},"10":{"start":{"line":16,"column":0},"end":{"line":16,"column":16}},"11":{"start":{"line":17,"column":0},"end":{"line":17,"column":23}},"12":{"start":{"line":19,"column":0},"end":{"line":19,"column":21}}},"fnMap":{},"branchMap":{"0":{"loc":{"start":{"line":1,"column":0},"end":{"line":3,"column":1}},"type":"if","locations":[{"start":{"line":1,"column":0},"end":{"line":3,"column":1}},{"start":{},"end":{}}],"line":1}},"s":{"0":2,"1":2,"2":2,"3":2,"4":2,"5":2,"6":2,"7":2,"8":2,"9":2,"10":2,"11":2,"12":2},"f":{},"b":{"0":[2,0]},"_coverageSchema":"1a1c01bbd47fc00a2c39e90264f33305004495a9","hash":"6b4aea27cd481c1c835cf585c62ec4c530536a47"}
,"/home/schrn/Documents/Abizarah/Hacktiv8-Phase-3/Finalproject/new Courters/CourterC-server/server/controllers/CategoryController.js": {"path":"/home/schrn/Documents/Abizarah/Hacktiv8-Phase-3/Finalproject/new Courters/CourterC-server/server/controllers/CategoryController.js","statementMap":{"0":{"start":{"line":1,"column":21},"end":{"line":1,"column":41}},"1":{"start":{"line":3,"column":0},"end":{"line":19,"column":1}},"2":{"start":{"line":7,"column":8},"end":{"line":17,"column":9}},"3":{"start":{"line":9,"column":29},"end":{"line":9,"column":53}},"4":{"start":{"line":11,"column":12},"end":{"line":11,"column":42}},"5":{"start":{"line":15,"column":12},"end":{"line":15,"column":39}}},"fnMap":{"0":{"name":"(anonymous_0)","decl":{"start":{"line":5,"column":4},"end":{"line":5,"column":5}},"loc":{"start":{"line":5,"column":45},"end":{"line":18,"column":5}},"line":5}},"branchMap":{},"s":{"0":2,"1":2,"2":1,"3":1,"4":1,"5":0},"f":{"0":1},"b":{},"_coverageSchema":"1a1c01bbd47fc00a2c39e90264f33305004495a9","hash":"115fdec82fd72487df8281c325e6841f108dba64"}
,"/home/schrn/Documents/Abizarah/Hacktiv8-Phase-3/Finalproject/new Courters/CourterC-server/server/controllers/CourtCategoryController.js": {"path":"/home/schrn/Documents/Abizarah/Hacktiv8-Phase-3/Finalproject/new Courters/CourterC-server/server/controllers/CourtCategoryController.js","statementMap":{"0":{"start":{"line":1,"column":22},"end":{"line":1,"column":42}},"1":{"start":{"line":2,"column":56},"end":{"line":2,"column":76}},"2":{"start":{"line":4,"column":0},"end":{"line":222,"column":2}},"3":{"start":{"line":6,"column":4},"end":{"line":43,"column":5}},"4":{"start":{"line":7,"column":17},"end":{"line":7,"column":28}},"5":{"start":{"line":8,"column":28},"end":{"line":24,"column":8}},"6":{"start":{"line":26,"column":21},"end":{"line":26,"column":72}},"7":{"start":{"line":26,"column":49},"end":{"line":26,"column":71}},"8":{"start":{"line":28,"column":36},"end":{"line":36,"column":8}},"9":{"start":{"line":29,"column":8},"end":{"line":35,"column":10}},"10":{"start":{"line":38,"column":6},"end":{"line":40,"column":9}},"11":{"start":{"line":42,"column":6},"end":{"line":42,"column":25}},"12":{"start":{"line":47,"column":4},"end":{"line":79,"column":5}},"13":{"start":{"line":48,"column":17},"end":{"line":48,"column":28}},"14":{"start":{"line":49,"column":28},"end":{"line":62,"column":8}},"15":{"start":{"line":64,"column":36},"end":{"line":72,"column":8}},"16":{"start":{"line":65,"column":8},"end":{"line":71,"column":10}},"17":{"start":{"line":74,"column":6},"end":{"line":76,"column":9}},"18":{"start":{"line":78,"column":6},"end":{"line":78,"column":25}},"19":{"start":{"line":83,"column":4},"end":{"line":131,"column":5}},"20":{"start":{"line":84,"column":23},"end":{"line":84,"column":50}},"21":{"start":{"line":85,"column":18},"end":{"line":85,"column":43}},"22":{"start":{"line":86,"column":19},"end":{"line":86,"column":46}},"23":{"start":{"line":88,"column":19},"end":{"line":112,"column":7}},"24":{"start":{"line":113,"column":6},"end":{"line":113,"column":42}},"25":{"start":{"line":115,"column":36},"end":{"line":124,"column":8}},"26":{"start":{"line":116,"column":8},"end":{"line":123,"column":10}},"27":{"start":{"line":126,"column":6},"end":{"line":128,"column":9}},"28":{"start":{"line":130,"column":6},"end":{"line":130,"column":25}},"29":{"start":{"line":135,"column":4},"end":{"line":155,"column":5}},"30":{"start":{"line":136,"column":22},"end":{"line":136,"column":38}},"31":{"start":{"line":137,"column":44},"end":{"line":137,"column":52}},"32":{"start":{"line":138,"column":22},"end":{"line":142,"column":8}},"33":{"start":{"line":144,"column":21},"end":{"line":146,"column":7}},"34":{"start":{"line":145,"column":29},"end":{"line":145,"column":73}},"35":{"start":{"line":148,"column":6},"end":{"line":152,"column":9}},"36":{"start":{"line":154,"column":6},"end":{"line":154,"column":25}},"37":{"start":{"line":159,"column":4},"end":{"line":177,"column":5}},"38":{"start":{"line":160,"column":21},"end":{"line":160,"column":31}},"39":{"start":{"line":162,"column":36},"end":{"line":162,"column":44}},"40":{"start":{"line":163,"column":28},"end":{"line":170,"column":7}},"41":{"start":{"line":172,"column":6},"end":{"line":174,"column":9}},"42":{"start":{"line":176,"column":6},"end":{"line":176,"column":25}},"43":{"start":{"line":181,"column":19},"end":{"line":181,"column":29}},"44":{"start":{"line":183,"column":4},"end":{"line":204,"column":5}},"45":{"start":{"line":184,"column":28},"end":{"line":197,"column":8}},"46":{"start":{"line":199,"column":6},"end":{"line":201,"column":9}},"47":{"start":{"line":203,"column":6},"end":{"line":203,"column":25}},"48":{"start":{"line":208,"column":19},"end":{"line":208,"column":29}},"49":{"start":{"line":210,"column":4},"end":{"line":220,"column":5}},"50":{"start":{"line":211,"column":6},"end":{"line":213,"column":9}},"51":{"start":{"line":215,"column":6},"end":{"line":217,"column":9}},"52":{"start":{"line":219,"column":6},"end":{"line":219,"column":25}}},"fnMap":{"0":{"name":"(anonymous_0)","decl":{"start":{"line":5,"column":2},"end":{"line":5,"column":3}},"loc":{"start":{"line":5,"column":43},"end":{"line":44,"column":3}},"line":5},"1":{"name":"(anonymous_1)","decl":{"start":{"line":26,"column":42},"end":{"line":26,"column":43}},"loc":{"start":{"line":26,"column":49},"end":{"line":26,"column":71}},"line":26},"2":{"name":"(anonymous_2)","decl":{"start":{"line":28,"column":47},"end":{"line":28,"column":48}},"loc":{"start":{"line":28,"column":54},"end":{"line":36,"column":7}},"line":28},"3":{"name":"(anonymous_3)","decl":{"start":{"line":46,"column":2},"end":{"line":46,"column":3}},"loc":{"start":{"line":46,"column":46},"end":{"line":80,"column":3}},"line":46},"4":{"name":"(anonymous_4)","decl":{"start":{"line":64,"column":54},"end":{"line":64,"column":55}},"loc":{"start":{"line":64,"column":61},"end":{"line":72,"column":7}},"line":64},"5":{"name":"(anonymous_5)","decl":{"start":{"line":82,"column":2},"end":{"line":82,"column":3}},"loc":{"start":{"line":82,"column":46},"end":{"line":132,"column":3}},"line":82},"6":{"name":"(anonymous_6)","decl":{"start":{"line":115,"column":47},"end":{"line":115,"column":48}},"loc":{"start":{"line":115,"column":54},"end":{"line":124,"column":7}},"line":115},"7":{"name":"(anonymous_7)","decl":{"start":{"line":134,"column":2},"end":{"line":134,"column":3}},"loc":{"start":{"line":134,"column":51},"end":{"line":156,"column":3}},"line":134},"8":{"name":"(anonymous_8)","decl":{"start":{"line":145,"column":19},"end":{"line":145,"column":20}},"loc":{"start":{"line":145,"column":29},"end":{"line":145,"column":73}},"line":145},"9":{"name":"(anonymous_9)","decl":{"start":{"line":158,"column":2},"end":{"line":158,"column":3}},"loc":{"start":{"line":158,"column":51},"end":{"line":178,"column":3}},"line":158},"10":{"name":"(anonymous_10)","decl":{"start":{"line":180,"column":2},"end":{"line":180,"column":3}},"loc":{"start":{"line":180,"column":41},"end":{"line":205,"column":3}},"line":180},"11":{"name":"(anonymous_11)","decl":{"start":{"line":207,"column":2},"end":{"line":207,"column":3}},"loc":{"start":{"line":207,"column":51},"end":{"line":221,"column":3}},"line":207}},"branchMap":{"0":{"loc":{"start":{"line":84,"column":23},"end":{"line":84,"column":50}},"type":"binary-expr","locations":[{"start":{"line":84,"column":23},"end":{"line":84,"column":41}},{"start":{"line":84,"column":45},"end":{"line":84,"column":50}}],"line":84},"1":{"loc":{"start":{"line":85,"column":18},"end":{"line":85,"column":43}},"type":"binary-expr","locations":[{"start":{"line":85,"column":18},"end":{"line":85,"column":31}},{"start":{"line":85,"column":35},"end":{"line":85,"column":43}}],"line":85},"2":{"loc":{"start":{"line":86,"column":19},"end":{"line":86,"column":46}},"type":"binary-expr","locations":[{"start":{"line":86,"column":19},"end":{"line":86,"column":33}},{"start":{"line":86,"column":37},"end":{"line":86,"column":46}}],"line":86}},"s":{"0":2,"1":2,"2":2,"3":1,"4":1,"5":1,"6":1,"7":6,"8":1,"9":2,"10":1,"11":0,"12":1,"13":1,"14":1,"15":1,"16":6,"17":1,"18":0,"19":1,"20":1,"21":1,"22":1,"23":1,"24":1,"25":1,"26":6,"27":1,"28":0,"29":1,"30":1,"31":1,"32":1,"33":1,"34":3,"35":1,"36":0,"37":1,"38":1,"39":1,"40":1,"41":1,"42":0,"43":1,"44":1,"45":1,"46":1,"47":0,"48":1,"49":1,"50":1,"51":1,"52":0},"f":{"0":1,"1":6,"2":2,"3":1,"4":6,"5":1,"6":6,"7":1,"8":3,"9":1,"10":1,"11":1},"b":{"0":[1,1],"1":[1,1],"2":[1,1]},"_coverageSchema":"1a1c01bbd47fc00a2c39e90264f33305004495a9","hash":"dd70d105df69965e917fc67357836f88f23c03ed"}
,"/home/schrn/Documents/Abizarah/Hacktiv8-Phase-3/Finalproject/new Courters/CourterC-server/server/controllers/CourtController.js": {"path":"/home/schrn/Documents/Abizarah/Hacktiv8-Phase-3/Finalproject/new Courters/CourterC-server/server/controllers/CourtController.js","statementMap":{"0":{"start":{"line":1,"column":24},"end":{"line":1,"column":44}},"1":{"start":{"line":3,"column":0},"end":{"line":57,"column":2}},"2":{"start":{"line":5,"column":4},"end":{"line":14,"column":5}},"3":{"start":{"line":6,"column":17},"end":{"line":6,"column":28}},"4":{"start":{"line":7,"column":20},"end":{"line":9,"column":8}},"5":{"start":{"line":11,"column":6},"end":{"line":11,"column":34}},"6":{"start":{"line":13,"column":6},"end":{"line":13,"column":34}},"7":{"start":{"line":18,"column":4},"end":{"line":24,"column":5}},"8":{"start":{"line":19,"column":20},"end":{"line":19,"column":41}},"9":{"start":{"line":21,"column":6},"end":{"line":21,"column":34}},"10":{"start":{"line":23,"column":6},"end":{"line":23,"column":34}},"11":{"start":{"line":28,"column":4},"end":{"line":55,"column":5}},"12":{"start":{"line":29,"column":17},"end":{"line":29,"column":28}},"13":{"start":{"line":32,"column":8},"end":{"line":32,"column":16}},"14":{"start":{"line":34,"column":18},"end":{"line":34,"column":29}},"15":{"start":{"line":36,"column":19},"end":{"line":36,"column":30}},"16":{"start":{"line":38,"column":20},"end":{"line":38,"column":63}},"17":{"start":{"line":40,"column":20},"end":{"line":48,"column":8}},"18":{"start":{"line":50,"column":6},"end":{"line":52,"column":9}},"19":{"start":{"line":54,"column":6},"end":{"line":54,"column":34}}},"fnMap":{"0":{"name":"(anonymous_0)","decl":{"start":{"line":4,"column":2},"end":{"line":4,"column":3}},"loc":{"start":{"line":4,"column":40},"end":{"line":15,"column":3}},"line":4},"1":{"name":"(anonymous_1)","decl":{"start":{"line":17,"column":2},"end":{"line":17,"column":3}},"loc":{"start":{"line":17,"column":48},"end":{"line":25,"column":3}},"line":17},"2":{"name":"(anonymous_2)","decl":{"start":{"line":27,"column":2},"end":{"line":27,"column":3}},"loc":{"start":{"line":27,"column":43},"end":{"line":56,"column":3}},"line":27}},"branchMap":{},"s":{"0":2,"1":2,"2":1,"3":1,"4":1,"5":1,"6":0,"7":1,"8":1,"9":1,"10":0,"11":1,"12":1,"13":1,"14":1,"15":1,"16":1,"17":1,"18":1,"19":0},"f":{"0":1,"1":1,"2":1},"b":{},"_coverageSchema":"1a1c01bbd47fc00a2c39e90264f33305004495a9","hash":"e0c46bd74687928202c991d3ab1dbbd9eed01b0e"}
,"/home/schrn/Documents/Abizarah/Hacktiv8-Phase-3/Finalproject/new Courters/CourterC-server/server/controllers/CourtDetailController.js": {"path":"/home/schrn/Documents/Abizarah/Hacktiv8-Phase-3/Finalproject/new Courters/CourterC-server/server/controllers/CourtDetailController.js","statementMap":{"0":{"start":{"line":1,"column":53},"end":{"line":1,"column":73}},"1":{"start":{"line":5,"column":4},"end":{"line":29,"column":5}},"2":{"start":{"line":6,"column":21},"end":{"line":6,"column":31}},"3":{"start":{"line":7,"column":26},"end":{"line":17,"column":8}},"4":{"start":{"line":19,"column":24},"end":{"line":19,"column":48}},"5":{"start":{"line":20,"column":23},"end":{"line":20,"column":49}},"6":{"start":{"line":21,"column":24},"end":{"line":21,"column":51}},"7":{"start":{"line":22,"column":30},"end":{"line":24,"column":7}},"8":{"start":{"line":23,"column":15},"end":{"line":23,"column":51}},"9":{"start":{"line":26,"column":6},"end":{"line":26,"column":63}},"10":{"start":{"line":28,"column":6},"end":{"line":28,"column":18}},"11":{"start":{"line":32,"column":0},"end":{"line":32,"column":28}}},"fnMap":{"0":{"name":"(anonymous_0)","decl":{"start":{"line":4,"column":2},"end":{"line":4,"column":3}},"loc":{"start":{"line":4,"column":46},"end":{"line":30,"column":3}},"line":4},"1":{"name":"(anonymous_1)","decl":{"start":{"line":23,"column":8},"end":{"line":23,"column":9}},"loc":{"start":{"line":23,"column":15},"end":{"line":23,"column":51}},"line":23}},"branchMap":{"0":{"loc":{"start":{"line":23,"column":15},"end":{"line":23,"column":51}},"type":"binary-expr","locations":[{"start":{"line":23,"column":15},"end":{"line":23,"column":31}},{"start":{"line":23,"column":35},"end":{"line":23,"column":51}}],"line":23}},"s":{"0":2,"1":1,"2":1,"3":1,"4":1,"5":1,"6":1,"7":1,"8":24,"9":1,"10":0,"11":2},"f":{"0":1,"1":24},"b":{"0":[24,16]},"_coverageSchema":"1a1c01bbd47fc00a2c39e90264f33305004495a9","hash":"ee29acfe019a0812a37efb320c7b60e4a8c72464"}
,"/home/schrn/Documents/Abizarah/Hacktiv8-Phase-3/Finalproject/new Courters/CourterC-server/server/controllers/OrderScheduleController.js": {"path":"/home/schrn/Documents/Abizarah/Hacktiv8-Phase-3/Finalproject/new Courters/CourterC-server/server/controllers/OrderScheduleController.js","statementMap":{"0":{"start":{"line":8,"column":4},"end":{"line":8,"column":24}},"1":{"start":{"line":11,"column":4},"end":{"line":71,"column":5}},"2":{"start":{"line":12,"column":21},"end":{"line":12,"column":32}},"3":{"start":{"line":13,"column":23},"end":{"line":28,"column":7}},"4":{"start":{"line":29,"column":23},"end":{"line":29,"column":24}},"5":{"start":{"line":30,"column":6},"end":{"line":30,"column":55}},"6":{"start":{"line":30,"column":31},"end":{"line":30,"column":52}},"7":{"start":{"line":31,"column":6},"end":{"line":31,"column":30}},"8":{"start":{"line":34,"column":20},"end":{"line":38,"column":8}},"9":{"start":{"line":40,"column":6},"end":{"line":40,"column":35}},"10":{"start":{"line":41,"column":6},"end":{"line":50,"column":7}},"11":{"start":{"line":42,"column":8},"end":{"line":49,"column":11}},"12":{"start":{"line":52,"column":19},"end":{"line":52,"column":46}},"13":{"start":{"line":54,"column":6},"end":{"line":56,"column":7}},"14":{"start":{"line":55,"column":8},"end":{"line":55,"column":51}},"15":{"start":{"line":57,"column":26},"end":{"line":64,"column":7}},"16":{"start":{"line":65,"column":6},"end":{"line":67,"column":9}},"17":{"start":{"line":69,"column":6},"end":{"line":69,"column":17}},"18":{"start":{"line":70,"column":6},"end":{"line":70,"column":25}},"19":{"start":{"line":75,"column":4},"end":{"line":89,"column":5}},"20":{"start":{"line":76,"column":21},"end":{"line":76,"column":32}},"21":{"start":{"line":77,"column":20},"end":{"line":84,"column":8}},"22":{"start":{"line":85,"column":6},"end":{"line":85,"column":34}},"23":{"start":{"line":87,"column":6},"end":{"line":87,"column":17}},"24":{"start":{"line":88,"column":6},"end":{"line":88,"column":25}},"25":{"start":{"line":93,"column":4},"end":{"line":135,"column":5}},"26":{"start":{"line":94,"column":22},"end":{"line":94,"column":33}},"27":{"start":{"line":95,"column":20},"end":{"line":115,"column":8}},"28":{"start":{"line":118,"column":20},"end":{"line":120,"column":7}},"29":{"start":{"line":119,"column":15},"end":{"line":119,"column":56}},"30":{"start":{"line":121,"column":26},"end":{"line":129,"column":8}},"31":{"start":{"line":122,"column":8},"end":{"line":122,"column":35}},"32":{"start":{"line":123,"column":8},"end":{"line":128,"column":10}},"33":{"start":{"line":131,"column":6},"end":{"line":131,"column":40}},"34":{"start":{"line":133,"column":6},"end":{"line":133,"column":17}},"35":{"start":{"line":134,"column":6},"end":{"line":134,"column":25}},"36":{"start":{"line":138,"column":0},"end":{"line":138,"column":28}}},"fnMap":{"0":{"name":"(anonymous_0)","decl":{"start":{"line":10,"column":2},"end":{"line":10,"column":3}},"loc":{"start":{"line":10,"column":41},"end":{"line":72,"column":3}},"line":10},"1":{"name":"(anonymous_1)","decl":{"start":{"line":30,"column":23},"end":{"line":30,"column":24}},"loc":{"start":{"line":30,"column":31},"end":{"line":30,"column":52}},"line":30},"2":{"name":"(anonymous_2)","decl":{"start":{"line":74,"column":2},"end":{"line":74,"column":3}},"loc":{"start":{"line":74,"column":40},"end":{"line":90,"column":3}},"line":74},"3":{"name":"(anonymous_3)","decl":{"start":{"line":92,"column":2},"end":{"line":92,"column":3}},"loc":{"start":{"line":92,"column":45},"end":{"line":136,"column":3}},"line":92},"4":{"name":"(anonymous_4)","decl":{"start":{"line":119,"column":8},"end":{"line":119,"column":9}},"loc":{"start":{"line":119,"column":15},"end":{"line":119,"column":56}},"line":119},"5":{"name":"(anonymous_5)","decl":{"start":{"line":121,"column":36},"end":{"line":121,"column":37}},"loc":{"start":{"line":121,"column":43},"end":{"line":129,"column":7}},"line":121}},"branchMap":{"0":{"loc":{"start":{"line":54,"column":6},"end":{"line":56,"column":7}},"type":"if","locations":[{"start":{"line":54,"column":6},"end":{"line":56,"column":7}},{"start":{},"end":{}}],"line":54}},"s":{"0":2,"1":2,"2":2,"3":2,"4":2,"5":2,"6":4,"7":2,"8":2,"9":2,"10":2,"11":4,"12":2,"13":2,"14":1,"15":1,"16":1,"17":1,"18":1,"19":1,"20":1,"21":1,"22":1,"23":0,"24":0,"25":1,"26":1,"27":1,"28":1,"29":1,"30":1,"31":1,"32":1,"33":1,"34":0,"35":0,"36":2},"f":{"0":2,"1":4,"2":1,"3":1,"4":1,"5":1},"b":{"0":[1,1]},"_coverageSchema":"1a1c01bbd47fc00a2c39e90264f33305004495a9","hash":"43a25069dffc85855ddb5dc33d32fe89842cb545"}
,"/home/schrn/Documents/Abizarah/Hacktiv8-Phase-3/Finalproject/new Courters/CourterC-server/server/controllers/PaymentController.js": {"path":"/home/schrn/Documents/Abizarah/Hacktiv8-Phase-3/Finalproject/new Courters/CourterC-server/server/controllers/PaymentController.js","statementMap":{"0":{"start":{"line":1,"column":13},"end":{"line":1,"column":43}},"1":{"start":{"line":2,"column":30},"end":{"line":2,"column":50}},"2":{"start":{"line":6,"column":4},"end":{"line":54,"column":5}},"3":{"start":{"line":7,"column":26},"end":{"line":7,"column":41}},"4":{"start":{"line":8,"column":34},"end":{"line":8,"column":42}},"5":{"start":{"line":9,"column":22},"end":{"line":39,"column":7}},"6":{"start":{"line":40,"column":26},"end":{"line":40,"column":65}},"7":{"start":{"line":42,"column":29},"end":{"line":42,"column":46}},"8":{"start":{"line":43,"column":35},"end":{"line":43,"column":59}},"9":{"start":{"line":45,"column":6},"end":{"line":45,"column":36}},"10":{"start":{"line":47,"column":6},"end":{"line":51,"column":9}},"11":{"start":{"line":53,"column":6},"end":{"line":53,"column":18}},"12":{"start":{"line":58,"column":4},"end":{"line":75,"column":5}},"13":{"start":{"line":59,"column":26},"end":{"line":59,"column":41}},"14":{"start":{"line":60,"column":21},"end":{"line":60,"column":29}},"15":{"start":{"line":62,"column":31},"end":{"line":62,"column":39}},"16":{"start":{"line":63,"column":19},"end":{"line":63,"column":42}},"17":{"start":{"line":64,"column":26},"end":{"line":67,"column":7}},"18":{"start":{"line":69,"column":6},"end":{"line":69,"column":33}},"19":{"start":{"line":71,"column":6},"end":{"line":71,"column":66}},"20":{"start":{"line":73,"column":6},"end":{"line":73,"column":18}},"21":{"start":{"line":74,"column":6},"end":{"line":74,"column":25}},"22":{"start":{"line":79,"column":4},"end":{"line":105,"column":5}},"23":{"start":{"line":80,"column":21},"end":{"line":80,"column":29}},"24":{"start":{"line":81,"column":32},"end":{"line":81,"column":42}},"25":{"start":{"line":82,"column":19},"end":{"line":82,"column":42}},"26":{"start":{"line":83,"column":26},"end":{"line":83,"column":67}},"27":{"start":{"line":84,"column":6},"end":{"line":91,"column":8}},"28":{"start":{"line":93,"column":6},"end":{"line":98,"column":8}},"29":{"start":{"line":99,"column":6},"end":{"line":101,"column":9}},"30":{"start":{"line":103,"column":6},"end":{"line":103,"column":17}},"31":{"start":{"line":104,"column":6},"end":{"line":104,"column":25}},"32":{"start":{"line":109,"column":4},"end":{"line":136,"column":5}},"33":{"start":{"line":110,"column":17},"end":{"line":110,"column":28}},"34":{"start":{"line":111,"column":32},"end":{"line":111,"column":42}},"35":{"start":{"line":112,"column":19},"end":{"line":112,"column":42}},"36":{"start":{"line":113,"column":26},"end":{"line":113,"column":67}},"37":{"start":{"line":115,"column":33},"end":{"line":122,"column":7}},"38":{"start":{"line":124,"column":20},"end":{"line":129,"column":7}},"39":{"start":{"line":130,"column":6},"end":{"line":132,"column":9}},"40":{"start":{"line":134,"column":6},"end":{"line":134,"column":17}},"41":{"start":{"line":135,"column":6},"end":{"line":135,"column":25}},"42":{"start":{"line":140,"column":0},"end":{"line":140,"column":35}}},"fnMap":{"0":{"name":"(anonymous_0)","decl":{"start":{"line":5,"column":2},"end":{"line":5,"column":3}},"loc":{"start":{"line":5,"column":44},"end":{"line":55,"column":3}},"line":5},"1":{"name":"(anonymous_1)","decl":{"start":{"line":57,"column":2},"end":{"line":57,"column":3}},"loc":{"start":{"line":57,"column":45},"end":{"line":76,"column":3}},"line":57},"2":{"name":"(anonymous_2)","decl":{"start":{"line":78,"column":2},"end":{"line":78,"column":3}},"loc":{"start":{"line":78,"column":43},"end":{"line":106,"column":3}},"line":78},"3":{"name":"(anonymous_3)","decl":{"start":{"line":108,"column":2},"end":{"line":108,"column":3}},"loc":{"start":{"line":108,"column":48},"end":{"line":137,"column":3}},"line":108}},"branchMap":{},"s":{"0":2,"1":2,"2":1,"3":1,"4":1,"5":1,"6":1,"7":1,"8":1,"9":1,"10":1,"11":0,"12":1,"13":1,"14":1,"15":1,"16":1,"17":1,"18":1,"19":1,"20":0,"21":0,"22":1,"23":1,"24":1,"25":1,"26":1,"27":1,"28":1,"29":1,"30":0,"31":0,"32":1,"33":1,"34":1,"35":1,"36":1,"37":1,"38":1,"39":1,"40":0,"41":0,"42":2},"f":{"0":1,"1":1,"2":1,"3":1},"b":{},"_coverageSchema":"1a1c01bbd47fc00a2c39e90264f33305004495a9","hash":"73d67f1355d05bc1550f87dc2ccaecfea9e69b1e"}
,"/home/schrn/Documents/Abizarah/Hacktiv8-Phase-3/Finalproject/new Courters/CourterC-server/server/controllers/UserController.js": {"path":"/home/schrn/Documents/Abizarah/Hacktiv8-Phase-3/Finalproject/new Courters/CourterC-server/server/controllers/UserController.js","statementMap":{"0":{"start":{"line":1,"column":51},"end":{"line":1,"column":72}},"1":{"start":{"line":2,"column":17},"end":{"line":2,"column":37}},"2":{"start":{"line":6,"column":4},"end":{"line":37,"column":5}},"3":{"start":{"line":8,"column":8},"end":{"line":8,"column":16}},"4":{"start":{"line":9,"column":6},"end":{"line":9,"column":36}},"5":{"start":{"line":11,"column":25},"end":{"line":14,"column":7}},"6":{"start":{"line":20,"column":22},"end":{"line":29,"column":8}},"7":{"start":{"line":31,"column":6},"end":{"line":33,"column":9}},"8":{"start":{"line":35,"column":6},"end":{"line":35,"column":25}},"9":{"start":{"line":36,"column":6},"end":{"line":36,"column":18}},"10":{"start":{"line":42,"column":4},"end":{"line":92,"column":5}},"11":{"start":{"line":44,"column":72},"end":{"line":44,"column":80}},"12":{"start":{"line":46,"column":25},"end":{"line":49,"column":7}},"13":{"start":{"line":51,"column":6},"end":{"line":53,"column":7}},"14":{"start":{"line":52,"column":8},"end":{"line":52,"column":53}},"15":{"start":{"line":55,"column":19},"end":{"line":59,"column":8}},"16":{"start":{"line":62,"column":20},"end":{"line":66,"column":8}},"17":{"start":{"line":68,"column":6},"end":{"line":68,"column":35}},"18":{"start":{"line":70,"column":6},"end":{"line":70,"column":55}},"19":{"start":{"line":70,"column":17},"end":{"line":70,"column":55}},"20":{"start":{"line":72,"column":26},"end":{"line":72,"column":63}},"21":{"start":{"line":74,"column":6},"end":{"line":74,"column":62}},"22":{"start":{"line":74,"column":23},"end":{"line":74,"column":62}},"23":{"start":{"line":76,"column":22},"end":{"line":78,"column":7}},"24":{"start":{"line":80,"column":27},"end":{"line":80,"column":47}},"25":{"start":{"line":82,"column":6},"end":{"line":85,"column":8}},"26":{"start":{"line":89,"column":6},"end":{"line":89,"column":17}},"27":{"start":{"line":90,"column":6},"end":{"line":90,"column":24}},"28":{"start":{"line":97,"column":4},"end":{"line":135,"column":5}},"29":{"start":{"line":98,"column":34},"end":{"line":98,"column":42}},"30":{"start":{"line":99,"column":6},"end":{"line":101,"column":7}},"31":{"start":{"line":100,"column":8},"end":{"line":100,"column":53}},"32":{"start":{"line":103,"column":19},"end":{"line":105,"column":8}},"33":{"start":{"line":107,"column":6},"end":{"line":109,"column":7}},"34":{"start":{"line":108,"column":8},"end":{"line":108,"column":49}},"35":{"start":{"line":111,"column":26},"end":{"line":111,"column":62}},"36":{"start":{"line":113,"column":6},"end":{"line":115,"column":7}},"37":{"start":{"line":114,"column":8},"end":{"line":114,"column":49}},"38":{"start":{"line":117,"column":22},"end":{"line":119,"column":7}},"39":{"start":{"line":121,"column":27},"end":{"line":121,"column":47}},"40":{"start":{"line":123,"column":23},"end":{"line":123,"column":36}},"41":{"start":{"line":124,"column":17},"end":{"line":124,"column":24}},"42":{"start":{"line":125,"column":19},"end":{"line":125,"column":28}},"43":{"start":{"line":126,"column":6},"end":{"line":131,"column":9}},"44":{"start":{"line":133,"column":6},"end":{"line":133,"column":18}},"45":{"start":{"line":134,"column":6},"end":{"line":134,"column":25}},"46":{"start":{"line":139,"column":4},"end":{"line":148,"column":5}},"47":{"start":{"line":140,"column":21},"end":{"line":140,"column":29}},"48":{"start":{"line":142,"column":19},"end":{"line":142,"column":42}},"49":{"start":{"line":144,"column":6},"end":{"line":144,"column":33}},"50":{"start":{"line":146,"column":6},"end":{"line":146,"column":17}},"51":{"start":{"line":147,"column":6},"end":{"line":147,"column":25}},"52":{"start":{"line":153,"column":0},"end":{"line":153,"column":32}}},"fnMap":{"0":{"name":"(anonymous_0)","decl":{"start":{"line":5,"column":2},"end":{"line":5,"column":3}},"loc":{"start":{"line":5,"column":40},"end":{"line":38,"column":3}},"line":5},"1":{"name":"(anonymous_1)","decl":{"start":{"line":40,"column":2},"end":{"line":40,"column":3}},"loc":{"start":{"line":40,"column":45},"end":{"line":94,"column":3}},"line":40},"2":{"name":"(anonymous_2)","decl":{"start":{"line":96,"column":2},"end":{"line":96,"column":3}},"loc":{"start":{"line":96,"column":37},"end":{"line":136,"column":3}},"line":96},"3":{"name":"(anonymous_3)","decl":{"start":{"line":138,"column":2},"end":{"line":138,"column":3}},"loc":{"start":{"line":138,"column":45},"end":{"line":149,"column":3}},"line":138}},"branchMap":{"0":{"loc":{"start":{"line":51,"column":6},"end":{"line":53,"column":7}},"type":"if","locations":[{"start":{"line":51,"column":6},"end":{"line":53,"column":7}},{"start":{},"end":{}}],"line":51},"1":{"loc":{"start":{"line":51,"column":10},"end":{"line":51,"column":29}},"type":"binary-expr","locations":[{"start":{"line":51,"column":10},"end":{"line":51,"column":16}},{"start":{"line":51,"column":20},"end":{"line":51,"column":29}}],"line":51},"2":{"loc":{"start":{"line":70,"column":6},"end":{"line":70,"column":55}},"type":"if","locations":[{"start":{"line":70,"column":6},"end":{"line":70,"column":55}},{"start":{},"end":{}}],"line":70},"3":{"loc":{"start":{"line":74,"column":6},"end":{"line":74,"column":62}},"type":"if","locations":[{"start":{"line":74,"column":6},"end":{"line":74,"column":62}},{"start":{},"end":{}}],"line":74},"4":{"loc":{"start":{"line":99,"column":6},"end":{"line":101,"column":7}},"type":"if","locations":[{"start":{"line":99,"column":6},"end":{"line":101,"column":7}},{"start":{},"end":{}}],"line":99},"5":{"loc":{"start":{"line":99,"column":10},"end":{"line":99,"column":29}},"type":"binary-expr","locations":[{"start":{"line":99,"column":10},"end":{"line":99,"column":16}},{"start":{"line":99,"column":20},"end":{"line":99,"column":29}}],"line":99},"6":{"loc":{"start":{"line":107,"column":6},"end":{"line":109,"column":7}},"type":"if","locations":[{"start":{"line":107,"column":6},"end":{"line":109,"column":7}},{"start":{},"end":{}}],"line":107},"7":{"loc":{"start":{"line":113,"column":6},"end":{"line":115,"column":7}},"type":"if","locations":[{"start":{"line":113,"column":6},"end":{"line":115,"column":7}},{"start":{},"end":{}}],"line":113}},"s":{"0":2,"1":2,"2":4,"3":4,"4":4,"5":4,"6":4,"7":1,"8":3,"9":3,"10":4,"11":4,"12":4,"13":4,"14":3,"15":1,"16":1,"17":1,"18":1,"19":0,"20":1,"21":1,"22":0,"23":1,"24":1,"25":1,"26":3,"27":3,"28":8,"29":8,"30":8,"31":2,"32":6,"33":6,"34":2,"35":4,"36":4,"37":2,"38":2,"39":2,"40":2,"41":2,"42":2,"43":2,"44":6,"45":6,"46":1,"47":1,"48":1,"49":1,"50":0,"51":0,"52":2},"f":{"0":4,"1":4,"2":8,"3":1},"b":{"0":[3,1],"1":[4,3],"2":[0,1],"3":[0,1],"4":[2,6],"5":[8,6],"6":[2,4],"7":[2,2]},"_coverageSchema":"1a1c01bbd47fc00a2c39e90264f33305004495a9","hash":"8726e2c5b062d1e0e5fec0bacc69d4202fde766a"}
,"/home/schrn/Documents/Abizarah/Hacktiv8-Phase-3/Finalproject/new Courters/CourterC-server/server/helpers/index.js": {"path":"/home/schrn/Documents/Abizarah/Hacktiv8-Phase-3/Finalproject/new Courters/CourterC-server/server/helpers/index.js","statementMap":{"0":{"start":{"line":1,"column":15},"end":{"line":1,"column":34}},"1":{"start":{"line":2,"column":12},"end":{"line":2,"column":35}},"2":{"start":{"line":4,"column":21},"end":{"line":4,"column":64}},"3":{"start":{"line":4,"column":35},"end":{"line":4,"column":64}},"4":{"start":{"line":6,"column":20},"end":{"line":7,"column":46}},"5":{"start":{"line":7,"column":2},"end":{"line":7,"column":46}},"6":{"start":{"line":9,"column":20},"end":{"line":9,"column":74}},"7":{"start":{"line":9,"column":33},"end":{"line":9,"column":74}},"8":{"start":{"line":11,"column":20},"end":{"line":11,"column":72}},"9":{"start":{"line":11,"column":31},"end":{"line":11,"column":72}},"10":{"start":{"line":13,"column":0},"end":{"line":18,"column":2}}},"fnMap":{"0":{"name":"(anonymous_0)","decl":{"start":{"line":4,"column":21},"end":{"line":4,"column":22}},"loc":{"start":{"line":4,"column":35},"end":{"line":4,"column":64}},"line":4},"1":{"name":"(anonymous_1)","decl":{"start":{"line":6,"column":20},"end":{"line":6,"column":21}},"loc":{"start":{"line":7,"column":2},"end":{"line":7,"column":46}},"line":7},"2":{"name":"(anonymous_2)","decl":{"start":{"line":9,"column":20},"end":{"line":9,"column":21}},"loc":{"start":{"line":9,"column":33},"end":{"line":9,"column":74}},"line":9},"3":{"name":"(anonymous_3)","decl":{"start":{"line":11,"column":20},"end":{"line":11,"column":21}},"loc":{"start":{"line":11,"column":31},"end":{"line":11,"column":72}},"line":11}},"branchMap":{},"s":{"0":2,"1":2,"2":2,"3":16,"4":2,"5":5,"6":2,"7":3,"8":2,"9":25,"10":2},"f":{"0":16,"1":5,"2":3,"3":25},"b":{},"_coverageSchema":"1a1c01bbd47fc00a2c39e90264f33305004495a9","hash":"5a91ad4322a8ac3ac230bcaf8fa5d429a939bc1e"}
,"/home/schrn/Documents/Abizarah/Hacktiv8-Phase-3/Finalproject/new Courters/CourterC-server/server/helpers/midtrans.js": {"path":"/home/schrn/Documents/Abizarah/Hacktiv8-Phase-3/Finalproject/new Courters/CourterC-server/server/helpers/midtrans.js","statementMap":{"0":{"start":{"line":1,"column":23},"end":{"line":1,"column":49}},"1":{"start":{"line":3,"column":11},"end":{"line":7,"column":2}},"2":{"start":{"line":9,"column":0},"end":{"line":9,"column":22}}},"fnMap":{},"branchMap":{},"s":{"0":2,"1":2,"2":2},"f":{},"b":{},"_coverageSchema":"1a1c01bbd47fc00a2c39e90264f33305004495a9","hash":"48921d5ade4e97197bff91e9305e67b2e1c7ee75"}
,"/home/schrn/Documents/Abizarah/Hacktiv8-Phase-3/Finalproject/new Courters/CourterC-server/server/middlewares/authentication.js": {"path":"/home/schrn/Documents/Abizarah/Hacktiv8-Phase-3/Finalproject/new Courters/CourterC-server/server/middlewares/authentication.js","statementMap":{"0":{"start":{"line":1,"column":24},"end":{"line":1,"column":45}},"1":{"start":{"line":2,"column":24},"end":{"line":2,"column":44}},"2":{"start":{"line":5,"column":2},"end":{"line":39,"column":3}},"3":{"start":{"line":6,"column":27},"end":{"line":6,"column":38}},"4":{"start":{"line":7,"column":4},"end":{"line":11,"column":5}},"5":{"start":{"line":8,"column":6},"end":{"line":10,"column":8}},"6":{"start":{"line":13,"column":18},"end":{"line":13,"column":43}},"7":{"start":{"line":14,"column":15},"end":{"line":14,"column":46}},"8":{"start":{"line":21,"column":18},"end":{"line":23,"column":6}},"9":{"start":{"line":25,"column":4},"end":{"line":30,"column":6}},"10":{"start":{"line":32,"column":4},"end":{"line":34,"column":5}},"11":{"start":{"line":33,"column":6},"end":{"line":33,"column":34}},"12":{"start":{"line":35,"column":4},"end":{"line":35,"column":11}},"13":{"start":{"line":37,"column":4},"end":{"line":37,"column":23}},"14":{"start":{"line":38,"column":4},"end":{"line":38,"column":16}},"15":{"start":{"line":42,"column":0},"end":{"line":42,"column":32}}},"fnMap":{"0":{"name":"authentication","decl":{"start":{"line":4,"column":15},"end":{"line":4,"column":29}},"loc":{"start":{"line":4,"column":46},"end":{"line":40,"column":1}},"line":4}},"branchMap":{"0":{"loc":{"start":{"line":7,"column":4},"end":{"line":11,"column":5}},"type":"if","locations":[{"start":{"line":7,"column":4},"end":{"line":11,"column":5}},{"start":{},"end":{}}],"line":7},"1":{"loc":{"start":{"line":32,"column":4},"end":{"line":34,"column":5}},"type":"if","locations":[{"start":{"line":32,"column":4},"end":{"line":34,"column":5}},{"start":{},"end":{}}],"line":32}},"s":{"0":2,"1":2,"2":26,"3":26,"4":26,"5":1,"6":25,"7":21,"8":21,"9":21,"10":21,"11":9,"12":21,"13":5,"14":5,"15":2},"f":{"0":26},"b":{"0":[1,25],"1":[9,12]},"_coverageSchema":"1a1c01bbd47fc00a2c39e90264f33305004495a9","hash":"9724adcfd89f06f10041e676ff2bd97e66610916"}
,"/home/schrn/Documents/Abizarah/Hacktiv8-Phase-3/Finalproject/new Courters/CourterC-server/server/middlewares/errorHandlers.js": {"path":"/home/schrn/Documents/Abizarah/Hacktiv8-Phase-3/Finalproject/new Courters/CourterC-server/server/middlewares/errorHandlers.js","statementMap":{"0":{"start":{"line":2,"column":2},"end":{"line":31,"column":3}},"1":{"start":{"line":6,"column":4},"end":{"line":6,"column":61}},"2":{"start":{"line":6,"column":49},"end":{"line":6,"column":58}},"3":{"start":{"line":7,"column":9},"end":{"line":31,"column":3}},"4":{"start":{"line":8,"column":4},"end":{"line":10,"column":7}},"5":{"start":{"line":11,"column":9},"end":{"line":31,"column":3}},"6":{"start":{"line":12,"column":4},"end":{"line":14,"column":7}},"7":{"start":{"line":15,"column":9},"end":{"line":31,"column":3}},"8":{"start":{"line":16,"column":4},"end":{"line":18,"column":7}},"9":{"start":{"line":19,"column":9},"end":{"line":31,"column":3}},"10":{"start":{"line":20,"column":4},"end":{"line":22,"column":7}},"11":{"start":{"line":23,"column":9},"end":{"line":31,"column":3}},"12":{"start":{"line":24,"column":4},"end":{"line":26,"column":7}},"13":{"start":{"line":28,"column":4},"end":{"line":30,"column":7}},"14":{"start":{"line":34,"column":0},"end":{"line":34,"column":31}}},"fnMap":{"0":{"name":"errorHandlers","decl":{"start":{"line":1,"column":9},"end":{"line":1,"column":22}},"loc":{"start":{"line":1,"column":46},"end":{"line":32,"column":1}},"line":1},"1":{"name":"(anonymous_1)","decl":{"start":{"line":6,"column":42},"end":{"line":6,"column":43}},"loc":{"start":{"line":6,"column":49},"end":{"line":6,"column":58}},"line":6}},"branchMap":{"0":{"loc":{"start":{"line":2,"column":2},"end":{"line":31,"column":3}},"type":"if","locations":[{"start":{"line":2,"column":2},"end":{"line":31,"column":3}},{"start":{"line":7,"column":9},"end":{"line":31,"column":3}}],"line":2},"1":{"loc":{"start":{"line":3,"column":4},"end":{"line":4,"column":51}},"type":"binary-expr","locations":[{"start":{"line":3,"column":4},"end":{"line":3,"column":45}},{"start":{"line":4,"column":4},"end":{"line":4,"column":51}}],"line":3},"2":{"loc":{"start":{"line":7,"column":9},"end":{"line":31,"column":3}},"type":"if","locations":[{"start":{"line":7,"column":9},"end":{"line":31,"column":3}},{"start":{"line":11,"column":9},"end":{"line":31,"column":3}}],"line":7},"3":{"loc":{"start":{"line":11,"column":9},"end":{"line":31,"column":3}},"type":"if","locations":[{"start":{"line":11,"column":9},"end":{"line":31,"column":3}},{"start":{"line":15,"column":9},"end":{"line":31,"column":3}}],"line":11},"4":{"loc":{"start":{"line":15,"column":9},"end":{"line":31,"column":3}},"type":"if","locations":[{"start":{"line":15,"column":9},"end":{"line":31,"column":3}},{"start":{"line":19,"column":9},"end":{"line":31,"column":3}}],"line":15},"5":{"loc":{"start":{"line":19,"column":9},"end":{"line":31,"column":3}},"type":"if","locations":[{"start":{"line":19,"column":9},"end":{"line":31,"column":3}},{"start":{"line":23,"column":9},"end":{"line":31,"column":3}}],"line":19},"6":{"loc":{"start":{"line":23,"column":9},"end":{"line":31,"column":3}},"type":"if","locations":[{"start":{"line":23,"column":9},"end":{"line":31,"column":3}},{"start":{"line":27,"column":9},"end":{"line":31,"column":3}}],"line":23}},"s":{"0":18,"1":3,"2":3,"3":15,"4":5,"5":10,"6":1,"7":9,"8":4,"9":5,"10":4,"11":1,"12":1,"13":0,"14":2},"f":{"0":18,"1":3},"b":{"0":[3,15],"1":[18,15],"2":[5,10],"3":[1,9],"4":[4,5],"5":[4,1],"6":[1,0]},"_coverageSchema":"1a1c01bbd47fc00a2c39e90264f33305004495a9","hash":"2bc9386d32236217e08d8b686b4a18f361df7fbe"}
,"/home/schrn/Documents/Abizarah/Hacktiv8-Phase-3/Finalproject/new Courters/CourterC-server/server/models/category.js": {"path":"/home/schrn/Documents/Abizarah/Hacktiv8-Phase-3/Finalproject/new Courters/CourterC-server/server/models/category.js","statementMap":{"0":{"start":{"line":2,"column":18},"end":{"line":2,"column":38}},"1":{"start":{"line":3,"column":0},"end":{"line":48,"column":2}},"2":{"start":{"line":12,"column":6},"end":{"line":12,"column":45}},"3":{"start":{"line":15,"column":2},"end":{"line":46,"column":4}},"4":{"start":{"line":47,"column":2},"end":{"line":47,"column":18}}},"fnMap":{"0":{"name":"(anonymous_0)","decl":{"start":{"line":3,"column":17},"end":{"line":3,"column":18}},"loc":{"start":{"line":3,"column":43},"end":{"line":48,"column":1}},"line":3},"1":{"name":"(anonymous_1)","decl":{"start":{"line":10,"column":4},"end":{"line":10,"column":5}},"loc":{"start":{"line":10,"column":29},"end":{"line":13,"column":5}},"line":10}},"branchMap":{},"s":{"0":2,"1":2,"2":2,"3":2,"4":2},"f":{"0":2,"1":2},"b":{},"_coverageSchema":"1a1c01bbd47fc00a2c39e90264f33305004495a9","hash":"c6a8dbe677037e0c0030920964200c57227222dd"}
,"/home/schrn/Documents/Abizarah/Hacktiv8-Phase-3/Finalproject/new Courters/CourterC-server/server/models/court.js": {"path":"/home/schrn/Documents/Abizarah/Hacktiv8-Phase-3/Finalproject/new Courters/CourterC-server/server/models/court.js","statementMap":{"0":{"start":{"line":2,"column":18},"end":{"line":2,"column":38}},"1":{"start":{"line":3,"column":0},"end":{"line":98,"column":2}},"2":{"start":{"line":12,"column":6},"end":{"line":12,"column":42}},"3":{"start":{"line":13,"column":6},"end":{"line":13,"column":34}},"4":{"start":{"line":16,"column":2},"end":{"line":96,"column":4}},"5":{"start":{"line":97,"column":2},"end":{"line":97,"column":15}}},"fnMap":{"0":{"name":"(anonymous_0)","decl":{"start":{"line":3,"column":17},"end":{"line":3,"column":18}},"loc":{"start":{"line":3,"column":43},"end":{"line":98,"column":1}},"line":3},"1":{"name":"(anonymous_1)","decl":{"start":{"line":10,"column":4},"end":{"line":10,"column":5}},"loc":{"start":{"line":10,"column":29},"end":{"line":14,"column":5}},"line":10}},"branchMap":{},"s":{"0":2,"1":2,"2":2,"3":2,"4":2,"5":2},"f":{"0":2,"1":2},"b":{},"_coverageSchema":"1a1c01bbd47fc00a2c39e90264f33305004495a9","hash":"b1e78613b3274e22b7b01ebbba038afd2607eb93"}
,"/home/schrn/Documents/Abizarah/Hacktiv8-Phase-3/Finalproject/new Courters/CourterC-server/server/models/courtcategory.js": {"path":"/home/schrn/Documents/Abizarah/Hacktiv8-Phase-3/Finalproject/new Courters/CourterC-server/server/models/courtcategory.js","statementMap":{"0":{"start":{"line":2,"column":18},"end":{"line":2,"column":38}},"1":{"start":{"line":3,"column":0},"end":{"line":63,"column":2}},"2":{"start":{"line":12,"column":6},"end":{"line":12,"column":47}},"3":{"start":{"line":13,"column":6},"end":{"line":13,"column":44}},"4":{"start":{"line":14,"column":6},"end":{"line":14,"column":41}},"5":{"start":{"line":15,"column":6},"end":{"line":15,"column":41}},"6":{"start":{"line":18,"column":2},"end":{"line":61,"column":4}},"7":{"start":{"line":62,"column":2},"end":{"line":62,"column":23}}},"fnMap":{"0":{"name":"(anonymous_0)","decl":{"start":{"line":3,"column":17},"end":{"line":3,"column":18}},"loc":{"start":{"line":3,"column":43},"end":{"line":63,"column":1}},"line":3},"1":{"name":"(anonymous_1)","decl":{"start":{"line":10,"column":4},"end":{"line":10,"column":5}},"loc":{"start":{"line":10,"column":29},"end":{"line":16,"column":5}},"line":10}},"branchMap":{},"s":{"0":2,"1":2,"2":2,"3":2,"4":2,"5":2,"6":2,"7":2},"f":{"0":2,"1":2},"b":{},"_coverageSchema":"1a1c01bbd47fc00a2c39e90264f33305004495a9","hash":"936e10b48e6c4ffacbd510c4e242805a6ad91be9"}
,"/home/schrn/Documents/Abizarah/Hacktiv8-Phase-3/Finalproject/new Courters/CourterC-server/server/models/image.js": {"path":"/home/schrn/Documents/Abizarah/Hacktiv8-Phase-3/Finalproject/new Courters/CourterC-server/server/models/image.js","statementMap":{"0":{"start":{"line":2,"column":18},"end":{"line":2,"column":38}},"1":{"start":{"line":3,"column":0},"end":{"line":48,"column":2}},"2":{"start":{"line":12,"column":6},"end":{"line":12,"column":43}},"3":{"start":{"line":15,"column":2},"end":{"line":46,"column":4}},"4":{"start":{"line":47,"column":2},"end":{"line":47,"column":15}}},"fnMap":{"0":{"name":"(anonymous_0)","decl":{"start":{"line":3,"column":17},"end":{"line":3,"column":18}},"loc":{"start":{"line":3,"column":43},"end":{"line":48,"column":1}},"line":3},"1":{"name":"(anonymous_1)","decl":{"start":{"line":10,"column":4},"end":{"line":10,"column":5}},"loc":{"start":{"line":10,"column":29},"end":{"line":13,"column":5}},"line":10}},"branchMap":{},"s":{"0":2,"1":2,"2":2,"3":2,"4":2},"f":{"0":2,"1":2},"b":{},"_coverageSchema":"1a1c01bbd47fc00a2c39e90264f33305004495a9","hash":"f3f6d96d6d40b6671014287674e187a2357ae7db"}
,"/home/schrn/Documents/Abizarah/Hacktiv8-Phase-3/Finalproject/new Courters/CourterC-server/server/models/index.js": {"path":"/home/schrn/Documents/Abizarah/Hacktiv8-Phase-3/Finalproject/new Courters/CourterC-server/server/models/index.js","statementMap":{"0":{"start":{"line":3,"column":11},"end":{"line":3,"column":24}},"1":{"start":{"line":4,"column":13},"end":{"line":4,"column":28}},"2":{"start":{"line":5,"column":18},"end":{"line":5,"column":38}},"3":{"start":{"line":6,"column":17},"end":{"line":6,"column":42}},"4":{"start":{"line":7,"column":12},"end":{"line":7,"column":49}},"5":{"start":{"line":8,"column":15},"end":{"line":8,"column":65}},"6":{"start":{"line":9,"column":11},"end":{"line":9,"column":13}},"7":{"start":{"line":12,"column":0},"end":{"line":16,"column":1}},"8":{"start":{"line":13,"column":2},"end":{"line":13,"column":74}},"9":{"start":{"line":15,"column":2},"end":{"line":15,"column":87}},"10":{"start":{"line":18,"column":0},"end":{"line":26,"column":5}},"11":{"start":{"line":21,"column":4},"end":{"line":21,"column":90}},"12":{"start":{"line":24,"column":18},"end":{"line":24,"column":85}},"13":{"start":{"line":25,"column":4},"end":{"line":25,"column":27}},"14":{"start":{"line":28,"column":0},"end":{"line":32,"column":3}},"15":{"start":{"line":29,"column":2},"end":{"line":31,"column":3}},"16":{"start":{"line":30,"column":4},"end":{"line":30,"column":32}},"17":{"start":{"line":34,"column":0},"end":{"line":34,"column":25}},"18":{"start":{"line":35,"column":0},"end":{"line":35,"column":25}},"19":{"start":{"line":37,"column":0},"end":{"line":37,"column":20}}},"fnMap":{"0":{"name":"(anonymous_0)","decl":{"start":{"line":20,"column":10},"end":{"line":20,"column":11}},"loc":{"start":{"line":20,"column":18},"end":{"line":22,"column":3}},"line":20},"1":{"name":"(anonymous_1)","decl":{"start":{"line":23,"column":11},"end":{"line":23,"column":12}},"loc":{"start":{"line":23,"column":19},"end":{"line":26,"column":3}},"line":23},"2":{"name":"(anonymous_2)","decl":{"start":{"line":28,"column":24},"end":{"line":28,"column":25}},"loc":{"start":{"line":28,"column":37},"end":{"line":32,"column":1}},"line":28}},"branchMap":{"0":{"loc":{"start":{"line":7,"column":12},"end":{"line":7,"column":49}},"type":"binary-expr","locations":[{"start":{"line":7,"column":12},"end":{"line":7,"column":32}},{"start":{"line":7,"column":36},"end":{"line":7,"column":49}}],"line":7},"1":{"loc":{"start":{"line":12,"column":0},"end":{"line":16,"column":1}},"type":"if","locations":[{"start":{"line":12,"column":0},"end":{"line":16,"column":1}},{"start":{"line":14,"column":7},"end":{"line":16,"column":1}}],"line":12},"2":{"loc":{"start":{"line":21,"column":11},"end":{"line":21,"column":89}},"type":"binary-expr","locations":[{"start":{"line":21,"column":12},"end":{"line":21,"column":35}},{"start":{"line":21,"column":41},"end":{"line":21,"column":58}},{"start":{"line":21,"column":64},"end":{"line":21,"column":88}}],"line":21},"3":{"loc":{"start":{"line":29,"column":2},"end":{"line":31,"column":3}},"type":"if","locations":[{"start":{"line":29,"column":2},"end":{"line":31,"column":3}},{"start":{},"end":{}}],"line":29}},"s":{"0":2,"1":2,"2":2,"3":2,"4":2,"5":2,"6":2,"7":2,"8":0,"9":2,"10":2,"11":18,"12":16,"13":16,"14":2,"15":16,"16":16,"17":2,"18":2,"19":2},"f":{"0":18,"1":16,"2":16},"b":{"0":[2,0],"1":[0,2],"2":[18,18,16],"3":[16,0]},"_coverageSchema":"1a1c01bbd47fc00a2c39e90264f33305004495a9","hash":"ef1ef166c79a8b80df8b1593baee8fa5427db1c8"}
,"/home/schrn/Documents/Abizarah/Hacktiv8-Phase-3/Finalproject/new Courters/CourterC-server/server/models/order.js": {"path":"/home/schrn/Documents/Abizarah/Hacktiv8-Phase-3/Finalproject/new Courters/CourterC-server/server/models/order.js","statementMap":{"0":{"start":{"line":2,"column":18},"end":{"line":2,"column":38}},"1":{"start":{"line":3,"column":0},"end":{"line":50,"column":2}},"2":{"start":{"line":12,"column":6},"end":{"line":12,"column":40}},"3":{"start":{"line":13,"column":6},"end":{"line":13,"column":44}},"4":{"start":{"line":16,"column":2},"end":{"line":48,"column":4}},"5":{"start":{"line":49,"column":2},"end":{"line":49,"column":15}}},"fnMap":{"0":{"name":"(anonymous_0)","decl":{"start":{"line":3,"column":17},"end":{"line":3,"column":18}},"loc":{"start":{"line":3,"column":43},"end":{"line":50,"column":1}},"line":3},"1":{"name":"(anonymous_1)","decl":{"start":{"line":10,"column":4},"end":{"line":10,"column":5}},"loc":{"start":{"line":10,"column":29},"end":{"line":14,"column":5}},"line":10}},"branchMap":{},"s":{"0":2,"1":2,"2":2,"3":2,"4":2,"5":2},"f":{"0":2,"1":2},"b":{},"_coverageSchema":"1a1c01bbd47fc00a2c39e90264f33305004495a9","hash":"dbb59f499d65b38cc4aa70913ab882c037cd6ef7"}
,"/home/schrn/Documents/Abizarah/Hacktiv8-Phase-3/Finalproject/new Courters/CourterC-server/server/models/orderdetail.js": {"path":"/home/schrn/Documents/Abizarah/Hacktiv8-Phase-3/Finalproject/new Courters/CourterC-server/server/models/orderdetail.js","statementMap":{"0":{"start":{"line":2,"column":18},"end":{"line":2,"column":38}},"1":{"start":{"line":3,"column":0},"end":{"line":96,"column":2}},"2":{"start":{"line":12,"column":6},"end":{"line":12,"column":42}},"3":{"start":{"line":15,"column":2},"end":{"line":94,"column":4}},"4":{"start":{"line":95,"column":2},"end":{"line":95,"column":21}}},"fnMap":{"0":{"name":"(anonymous_0)","decl":{"start":{"line":3,"column":17},"end":{"line":3,"column":18}},"loc":{"start":{"line":3,"column":43},"end":{"line":96,"column":1}},"line":3},"1":{"name":"(anonymous_1)","decl":{"start":{"line":10,"column":4},"end":{"line":10,"column":5}},"loc":{"start":{"line":10,"column":29},"end":{"line":13,"column":5}},"line":10}},"branchMap":{},"s":{"0":2,"1":2,"2":2,"3":2,"4":2},"f":{"0":2,"1":2},"b":{},"_coverageSchema":"1a1c01bbd47fc00a2c39e90264f33305004495a9","hash":"81e47a582518bffadf48546809e1a07951756eb9"}
,"/home/schrn/Documents/Abizarah/Hacktiv8-Phase-3/Finalproject/new Courters/CourterC-server/server/models/schedule.js": {"path":"/home/schrn/Documents/Abizarah/Hacktiv8-Phase-3/Finalproject/new Courters/CourterC-server/server/models/schedule.js","statementMap":{"0":{"start":{"line":4,"column":4},"end":{"line":4,"column":24}},"1":{"start":{"line":5,"column":0},"end":{"line":23,"column":2}},"2":{"start":{"line":16,"column":2},"end":{"line":21,"column":5}},"3":{"start":{"line":22,"column":2},"end":{"line":22,"column":18}}},"fnMap":{"0":{"name":"(anonymous_0)","decl":{"start":{"line":5,"column":17},"end":{"line":5,"column":18}},"loc":{"start":{"line":5,"column":43},"end":{"line":23,"column":1}},"line":5},"1":{"name":"(anonymous_1)","decl":{"start":{"line":12,"column":4},"end":{"line":12,"column":5}},"loc":{"start":{"line":12,"column":29},"end":{"line":14,"column":5}},"line":12}},"branchMap":{},"s":{"0":2,"1":2,"2":2,"3":2},"f":{"0":2,"1":2},"b":{},"_coverageSchema":"1a1c01bbd47fc00a2c39e90264f33305004495a9","hash":"1e30523e1caf14022fc723cc5c6d71be7fc76756"}
,"/home/schrn/Documents/Abizarah/Hacktiv8-Phase-3/Finalproject/new Courters/CourterC-server/server/models/user.js": {"path":"/home/schrn/Documents/Abizarah/Hacktiv8-Phase-3/Finalproject/new Courters/CourterC-server/server/models/user.js","statementMap":{"0":{"start":{"line":2,"column":18},"end":{"line":2,"column":38}},"1":{"start":{"line":3,"column":25},"end":{"line":3,"column":46}},"2":{"start":{"line":4,"column":0},"end":{"line":76,"column":2}},"3":{"start":{"line":13,"column":6},"end":{"line":13,"column":32}},"4":{"start":{"line":16,"column":2},"end":{"line":71,"column":4}},"5":{"start":{"line":72,"column":2},"end":{"line":74,"column":5}},"6":{"start":{"line":73,"column":4},"end":{"line":73,"column":48}},"7":{"start":{"line":75,"column":2},"end":{"line":75,"column":14}}},"fnMap":{"0":{"name":"(anonymous_0)","decl":{"start":{"line":4,"column":17},"end":{"line":4,"column":18}},"loc":{"start":{"line":4,"column":43},"end":{"line":76,"column":1}},"line":4},"1":{"name":"(anonymous_1)","decl":{"start":{"line":11,"column":4},"end":{"line":11,"column":5}},"loc":{"start":{"line":11,"column":29},"end":{"line":14,"column":5}},"line":11},"2":{"name":"(anonymous_2)","decl":{"start":{"line":72,"column":20},"end":{"line":72,"column":21}},"loc":{"start":{"line":72,"column":39},"end":{"line":74,"column":3}},"line":72}},"branchMap":{},"s":{"0":2,"1":2,"2":2,"3":2,"4":2,"5":2,"6":2,"7":2},"f":{"0":2,"1":2,"2":2},"b":{},"_coverageSchema":"1a1c01bbd47fc00a2c39e90264f33305004495a9","hash":"b4347b3f4b436b87d11f32081818f62be90a784e"}
,"/home/schrn/Documents/Abizarah/Hacktiv8-Phase-3/Finalproject/new Courters/CourterC-server/server/routers/customerRouter.js": {"path":"/home/schrn/Documents/Abizarah/Hacktiv8-Phase-3/Finalproject/new Courters/CourterC-server/server/routers/customerRouter.js","statementMap":{"0":{"start":{"line":1,"column":26},"end":{"line":1,"column":69}},"1":{"start":{"line":2,"column":23},"end":{"line":2,"column":63}},"2":{"start":{"line":3,"column":30},"end":{"line":3,"column":77}},"3":{"start":{"line":4,"column":32},"end":{"line":4,"column":81}},"4":{"start":{"line":5,"column":32},"end":{"line":5,"column":81}},"5":{"start":{"line":6,"column":24},"end":{"line":6,"column":65}},"6":{"start":{"line":7,"column":23},"end":{"line":7,"column":50}},"7":{"start":{"line":8,"column":23},"end":{"line":8,"column":63}},"8":{"start":{"line":9,"column":27},"end":{"line":9,"column":71}},"9":{"start":{"line":11,"column":0},"end":{"line":11,"column":52}},"10":{"start":{"line":12,"column":0},"end":{"line":12,"column":58}},"11":{"start":{"line":15,"column":0},"end":{"line":15,"column":35}},"12":{"start":{"line":16,"column":0},"end":{"line":16,"column":65}},"13":{"start":{"line":17,"column":0},"end":{"line":17,"column":64}},"14":{"start":{"line":19,"column":0},"end":{"line":19,"column":69}},"15":{"start":{"line":20,"column":0},"end":{"line":20,"column":76}},"16":{"start":{"line":21,"column":0},"end":{"line":21,"column":72}},"17":{"start":{"line":23,"column":0},"end":{"line":23,"column":60}},"18":{"start":{"line":25,"column":0},"end":{"line":25,"column":63}},"19":{"start":{"line":26,"column":0},"end":{"line":26,"column":79}},"20":{"start":{"line":27,"column":0},"end":{"line":27,"column":70}},"21":{"start":{"line":28,"column":0},"end":{"line":28,"column":74}},"22":{"start":{"line":29,"column":0},"end":{"line":29,"column":90}},"23":{"start":{"line":31,"column":0},"end":{"line":31,"column":32}}},"fnMap":{},"branchMap":{},"s":{"0":2,"1":2,"2":2,"3":2,"4":2,"5":2,"6":2,"7":2,"8":2,"9":2,"10":2,"11":2,"12":2,"13":2,"14":2,"15":2,"16":2,"17":2,"18":2,"19":2,"20":2,"21":2,"22":2,"23":2},"f":{},"b":{},"_coverageSchema":"1a1c01bbd47fc00a2c39e90264f33305004495a9","hash":"28a93c9caaf68c3fca5422552b5913b9d16cc556"}
,"/home/schrn/Documents/Abizarah/Hacktiv8-Phase-3/Finalproject/new Courters/CourterC-server/server/routers/index.js": {"path":"/home/schrn/Documents/Abizarah/Hacktiv8-Phase-3/Finalproject/new Courters/CourterC-server/server/routers/index.js","statementMap":{"0":{"start":{"line":1,"column":15},"end":{"line":1,"column":42}},"1":{"start":{"line":2,"column":20},"end":{"line":2,"column":44}},"2":{"start":{"line":3,"column":23},"end":{"line":3,"column":50}},"3":{"start":{"line":5,"column":0},"end":{"line":5,"column":33}},"4":{"start":{"line":6,"column":0},"end":{"line":6,"column":40}},"5":{"start":{"line":8,"column":0},"end":{"line":8,"column":23}}},"fnMap":{},"branchMap":{},"s":{"0":2,"1":2,"2":2,"3":2,"4":2,"5":2},"f":{},"b":{},"_coverageSchema":"1a1c01bbd47fc00a2c39e90264f33305004495a9","hash":"f34e56e4f1c0e412dd9069d62f76eabc8aa46e5b"}
,"/home/schrn/Documents/Abizarah/Hacktiv8-Phase-3/Finalproject/new Courters/CourterC-server/server/routers/ownerRouter.js": {"path":"/home/schrn/Documents/Abizarah/Hacktiv8-Phase-3/Finalproject/new Courters/CourterC-server/server/routers/ownerRouter.js","statementMap":{"0":{"start":{"line":1,"column":32},"end":{"line":1,"column":81}},"1":{"start":{"line":2,"column":24},"end":{"line":2,"column":65}},"2":{"start":{"line":3,"column":23},"end":{"line":3,"column":63}},"3":{"start":{"line":4,"column":23},"end":{"line":4,"column":63}},"4":{"start":{"line":5,"column":32},"end":{"line":5,"column":81}},"5":{"start":{"line":6,"column":26},"end":{"line":6,"column":69}},"6":{"start":{"line":7,"column":20},"end":{"line":7,"column":47}},"7":{"start":{"line":10,"column":0},"end":{"line":10,"column":60}},"8":{"start":{"line":11,"column":0},"end":{"line":11,"column":49}},"9":{"start":{"line":13,"column":0},"end":{"line":13,"column":31}},"10":{"start":{"line":14,"column":0},"end":{"line":14,"column":52}},"11":{"start":{"line":15,"column":0},"end":{"line":15,"column":56}},"12":{"start":{"line":17,"column":0},"end":{"line":17,"column":72}},"13":{"start":{"line":18,"column":0},"end":{"line":18,"column":74}},"14":{"start":{"line":19,"column":0},"end":{"line":19,"column":84}},"15":{"start":{"line":20,"column":0},"end":{"line":20,"column":87}},"16":{"start":{"line":21,"column":0},"end":{"line":21,"column":81}},"17":{"start":{"line":23,"column":0},"end":{"line":23,"column":76}},"18":{"start":{"line":24,"column":0},"end":{"line":24,"column":87}},"19":{"start":{"line":26,"column":0},"end":{"line":26,"column":29}}},"fnMap":{},"branchMap":{},"s":{"0":2,"1":2,"2":2,"3":2,"4":2,"5":2,"6":2,"7":2,"8":2,"9":2,"10":2,"11":2,"12":2,"13":2,"14":2,"15":2,"16":2,"17":2,"18":2,"19":2},"f":{},"b":{},"_coverageSchema":"1a1c01bbd47fc00a2c39e90264f33305004495a9","hash":"adfd199fc37746532ad07c99f8187d763f514c87"}
}
