TN:
SF:app.js
FNF:0
FNH:0
DA:4,2
DA:5,2
DA:6,2
DA:7,2
DA:9,2
DA:10,2
DA:12,2
DA:13,2
DA:14,2
DA:16,2
DA:17,2
DA:19,2
LF:12
LH:12
BRF:0
BRH:0
end_of_record
TN:
SF:controllers\CategoryController.js
FN:5,(anonymous_0)
FNF:1
FNH:1
FNDA:1,(anonymous_0)
DA:1,2
DA:3,2
DA:7,1
DA:9,1
DA:11,1
DA:15,0
LF:6
LH:5
BRF:0
BRH:0
end_of_record
TN:
SF:controllers\CourtCategoryController.js
FN:5,(anonymous_0)
FN:26,(anonymous_1)
FN:28,(anonymous_2)
FN:46,(anonymous_3)
FN:64,(anonymous_4)
FN:82,(anonymous_5)
FN:115,(anonymous_6)
FN:134,(anonymous_7)
FN:145,(anonymous_8)
FN:158,(anonymous_9)
FN:180,(anonymous_10)
FN:207,(anonymous_11)
FNF:12
FNH:12
FNDA:1,(anonymous_0)
FNDA:6,(anonymous_1)
FNDA:2,(anonymous_2)
FNDA:1,(anonymous_3)
FNDA:6,(anonymous_4)
FNDA:1,(anonymous_5)
FNDA:6,(anonymous_6)
FNDA:1,(anonymous_7)
FNDA:3,(anonymous_8)
FNDA:1,(anonymous_9)
FNDA:1,(anonymous_10)
FNDA:1,(anonymous_11)
DA:1,2
DA:2,2
DA:4,2
DA:6,1
DA:7,1
DA:8,1
DA:26,6
DA:28,1
DA:29,2
DA:38,1
DA:42,0
DA:47,1
DA:48,1
DA:49,1
DA:64,1
DA:65,6
DA:74,1
DA:78,0
DA:83,1
DA:84,1
DA:85,1
DA:86,1
DA:88,1
DA:113,1
DA:115,1
DA:116,6
DA:126,1
DA:130,0
DA:135,1
DA:136,1
DA:137,1
DA:138,1
DA:144,1
DA:145,3
DA:148,1
DA:154,0
DA:159,1
DA:160,1
DA:162,1
DA:163,1
DA:172,1
DA:176,0
DA:181,1
DA:183,1
DA:184,1
DA:199,1
DA:203,0
DA:208,1
DA:210,1
DA:211,1
DA:215,1
DA:219,0
LF:52
LH:45
BRDA:84,0,0,1
BRDA:84,0,1,1
BRDA:85,1,0,1
BRDA:85,1,1,1
BRDA:86,2,0,1
BRDA:86,2,1,1
BRF:6
BRH:6
end_of_record
TN:
SF:controllers\CourtController.js
FN:4,(anonymous_0)
FN:17,(anonymous_1)
FN:27,(anonymous_2)
FNF:3
FNH:3
FNDA:1,(anonymous_0)
FNDA:1,(anonymous_1)
FNDA:1,(anonymous_2)
DA:1,2
DA:3,2
DA:5,1
DA:6,1
DA:7,1
DA:11,1
DA:13,0
DA:18,1
DA:19,1
DA:21,1
DA:23,0
DA:28,1
DA:29,1
DA:32,1
DA:34,1
DA:36,1
DA:38,1
DA:40,1
DA:50,1
DA:54,0
LF:20
LH:17
BRF:0
BRH:0
end_of_record
TN:
SF:controllers\CourtDetailController.js
FN:4,(anonymous_0)
FN:23,(anonymous_1)
FNF:2
FNH:2
FNDA:1,(anonymous_0)
FNDA:24,(anonymous_1)
DA:1,2
DA:5,1
DA:6,1
DA:7,1
DA:19,1
DA:20,1
DA:21,1
DA:22,1
DA:23,24
DA:26,1
DA:28,0
DA:32,2
LF:12
LH:11
BRDA:23,0,0,24
BRDA:23,0,1,16
BRF:2
BRH:2
end_of_record
TN:
SF:controllers\OrderScheduleController.js
FN:10,(anonymous_0)
FN:30,(anonymous_1)
FN:74,(anonymous_2)
FN:92,(anonymous_3)
FN:119,(anonymous_4)
FN:121,(anonymous_5)
FNF:6
FNH:6
FNDA:2,(anonymous_0)
FNDA:4,(anonymous_1)
FNDA:1,(anonymous_2)
FNDA:1,(anonymous_3)
FNDA:1,(anonymous_4)
FNDA:1,(anonymous_5)
DA:8,2
DA:11,2
DA:12,2
DA:13,2
DA:29,2
DA:30,4
DA:31,2
DA:34,2
DA:40,2
DA:41,2
DA:42,4
DA:52,2
DA:54,2
DA:55,1
DA:57,1
DA:65,1
DA:69,1
DA:70,1
DA:75,1
DA:76,1
DA:77,1
DA:85,1
DA:87,0
DA:88,0
DA:93,1
DA:94,1
DA:95,1
DA:118,1
DA:119,1
DA:121,1
DA:122,1
DA:123,1
DA:131,1
DA:133,0
DA:134,0
DA:138,2
LF:36
LH:32
BRDA:54,0,0,1
BRDA:54,0,1,1
BRF:2
BRH:2
end_of_record
TN:
SF:controllers\PaymentController.js
FN:5,(anonymous_0)
FN:57,(anonymous_1)
FN:78,(anonymous_2)
FN:108,(anonymous_3)
FNF:4
FNH:4
FNDA:1,(anonymous_0)
FNDA:1,(anonymous_1)
FNDA:1,(anonymous_2)
FNDA:1,(anonymous_3)
DA:1,2
DA:2,2
DA:6,1
DA:7,1
DA:8,1
DA:9,1
DA:40,1
DA:42,1
DA:43,1
DA:45,1
DA:47,1
DA:53,0
DA:58,1
DA:59,1
DA:60,1
DA:62,1
DA:63,1
DA:64,1
DA:69,1
DA:71,1
DA:73,0
DA:74,0
DA:79,1
DA:80,1
DA:81,1
DA:82,1
DA:83,1
DA:84,1
DA:93,1
DA:99,1
DA:103,0
DA:104,0
DA:109,1
DA:110,1
DA:111,1
DA:112,1
DA:113,1
DA:115,1
DA:124,1
DA:130,1
DA:134,0
DA:135,0
DA:140,2
LF:43
LH:36
BRF:0
BRH:0
end_of_record
TN:
SF:controllers\UserController.js
FN:5,(anonymous_0)
FN:35,(anonymous_1)
FN:87,(anonymous_2)
FN:129,(anonymous_3)
FNF:4
FNH:4
FNDA:4,(anonymous_0)
FNDA:3,(anonymous_1)
FNDA:8,(anonymous_2)
FNDA:1,(anonymous_3)
DA:1,2
DA:2,2
DA:6,4
DA:8,4
DA:9,4
DA:11,4
DA:16,4
DA:27,1
DA:31,3
DA:36,3
DA:38,3
DA:40,3
DA:45,3
DA:46,2
DA:49,1
DA:60,1
DA:66,1
DA:68,1
DA:70,1
DA:72,1
DA:76,1
DA:78,1
DA:83,2
DA:88,8
DA:89,8
DA:90,8
DA:91,2
DA:94,6
DA:98,6
DA:99,2
DA:102,4
DA:104,4
DA:105,2
DA:108,2
DA:112,2
DA:114,2
DA:115,2
DA:116,2
DA:117,2
DA:124,6
DA:125,6
DA:130,1
DA:131,1
DA:133,1
DA:135,1
DA:137,0
DA:142,2
LF:47
LH:46
BRDA:45,0,0,2
BRDA:45,0,1,1
BRDA:45,1,0,3
BRDA:45,1,1,2
BRDA:66,2,0,0
BRDA:66,2,1,1
BRDA:70,3,0,0
BRDA:70,3,1,1
BRDA:90,4,0,2
BRDA:90,4,1,6
BRDA:90,5,0,8
BRDA:90,5,1,6
BRDA:98,6,0,2
BRDA:98,6,1,4
BRDA:104,7,0,2
BRDA:104,7,1,2
BRF:16
BRH:14
end_of_record
TN:
SF:helpers\index.js
FN:4,(anonymous_0)
FN:6,(anonymous_1)
FN:9,(anonymous_2)
FN:11,(anonymous_3)
FNF:4
FNH:4
FNDA:16,(anonymous_0)
FNDA:5,(anonymous_1)
FNDA:3,(anonymous_2)
FNDA:25,(anonymous_3)
DA:1,2
DA:2,2
DA:4,16
DA:6,2
DA:7,5
DA:9,3
DA:11,25
DA:13,2
LF:8
LH:8
BRF:0
BRH:0
end_of_record
TN:
SF:helpers\midtrans.js
FNF:0
FNH:0
DA:1,2
DA:3,2
DA:9,2
LF:3
LH:3
BRF:0
BRH:0
end_of_record
TN:
SF:middlewares\authentication.js
FN:4,authentication
FNF:1
FNH:1
FNDA:27,authentication
DA:1,2
DA:2,2
DA:5,27
DA:6,27
DA:7,27
DA:8,2
DA:13,25
DA:14,21
DA:21,21
DA:25,21
DA:32,21
DA:33,9
DA:35,21
DA:37,6
DA:38,6
DA:42,2
LF:16
LH:16
BRDA:7,0,0,2
BRDA:7,0,1,25
BRDA:32,1,0,9
BRDA:32,1,1,12
BRF:4
BRH:4
end_of_record
TN:
SF:middlewares\errorHandlers.js
FN:1,errorHandlers
FN:6,(anonymous_1)
FNF:2
FNH:2
FNDA:18,errorHandlers
FNDA:3,(anonymous_1)
DA:2,18
DA:6,3
DA:7,15
DA:8,4
DA:11,11
DA:12,2
DA:15,9
DA:16,4
DA:19,5
DA:20,4
DA:23,1
DA:24,1
DA:28,0
DA:34,2
LF:14
LH:13
BRDA:2,0,0,3
BRDA:2,0,1,15
BRDA:3,1,0,18
BRDA:3,1,1,15
BRDA:7,2,0,4
BRDA:7,2,1,11
BRDA:11,3,0,2
BRDA:11,3,1,9
BRDA:15,4,0,4
BRDA:15,4,1,5
BRDA:19,5,0,4
BRDA:19,5,1,1
BRDA:23,6,0,1
BRDA:23,6,1,0
BRF:14
BRH:13
end_of_record
TN:
SF:models\category.js
FN:3,(anonymous_0)
FN:10,(anonymous_1)
FNF:2
FNH:2
FNDA:2,(anonymous_0)
FNDA:2,(anonymous_1)
DA:2,2
DA:3,2
DA:12,2
DA:15,2
DA:47,2
LF:5
LH:5
BRF:0
BRH:0
end_of_record
TN:
SF:models\court.js
FN:3,(anonymous_0)
FN:10,(anonymous_1)
FNF:2
FNH:2
FNDA:2,(anonymous_0)
FNDA:2,(anonymous_1)
DA:2,2
DA:3,2
DA:12,2
DA:13,2
DA:16,2
DA:97,2
LF:6
LH:6
BRF:0
BRH:0
end_of_record
TN:
SF:models\courtcategory.js
FN:3,(anonymous_0)
FN:10,(anonymous_1)
FNF:2
FNH:2
FNDA:2,(anonymous_0)
FNDA:2,(anonymous_1)
DA:2,2
DA:3,2
DA:12,2
DA:13,2
DA:14,2
DA:15,2
DA:18,2
DA:62,2
LF:8
LH:8
BRF:0
BRH:0
end_of_record
TN:
SF:models\image.js
FN:3,(anonymous_0)
FN:10,(anonymous_1)
FNF:2
FNH:2
FNDA:2,(anonymous_0)
FNDA:2,(anonymous_1)
DA:2,2
DA:3,2
DA:12,2
DA:15,2
DA:47,2
LF:5
LH:5
BRF:0
BRH:0
end_of_record
TN:
SF:models\index.js
FN:20,(anonymous_0)
FN:23,(anonymous_1)
FN:28,(anonymous_2)
FNF:3
FNH:3
FNDA:18,(anonymous_0)
FNDA:16,(anonymous_1)
FNDA:16,(anonymous_2)
DA:3,2
DA:4,2
DA:5,2
DA:6,2
DA:7,2
DA:8,2
DA:9,2
DA:12,2
DA:13,0
DA:15,2
DA:18,2
DA:21,18
DA:24,16
DA:25,16
DA:28,2
DA:29,16
DA:30,16
DA:34,2
DA:35,2
DA:37,2
LF:20
LH:19
BRDA:7,0,0,2
BRDA:7,0,1,0
BRDA:12,1,0,0
BRDA:12,1,1,2
BRDA:21,2,0,18
BRDA:21,2,1,18
BRDA:21,2,2,16
BRDA:29,3,0,16
BRDA:29,3,1,0
BRF:9
BRH:6
end_of_record
TN:
SF:models\order.js
FN:3,(anonymous_0)
FN:10,(anonymous_1)
FNF:2
FNH:2
FNDA:2,(anonymous_0)
FNDA:2,(anonymous_1)
DA:2,2
DA:3,2
DA:12,2
DA:13,2
DA:16,2
DA:49,2
LF:6
LH:6
BRF:0
BRH:0
end_of_record
TN:
SF:models\orderdetail.js
FN:3,(anonymous_0)
FN:10,(anonymous_1)
FNF:2
FNH:2
FNDA:2,(anonymous_0)
FNDA:2,(anonymous_1)
DA:2,2
DA:3,2
DA:12,2
DA:15,2
DA:95,2
LF:5
LH:5
BRF:0
BRH:0
end_of_record
TN:
SF:models\schedule.js
FN:5,(anonymous_0)
FN:12,(anonymous_1)
FNF:2
FNH:2
FNDA:2,(anonymous_0)
FNDA:2,(anonymous_1)
DA:4,2
DA:5,2
DA:16,2
DA:22,2
LF:4
LH:4
BRF:0
BRH:0
end_of_record
TN:
SF:models\user.js
FN:4,(anonymous_0)
FN:11,(anonymous_1)
FN:72,(anonymous_2)
FNF:3
FNH:3
FNDA:2,(anonymous_0)
FNDA:2,(anonymous_1)
FNDA:2,(anonymous_2)
DA:2,2
DA:3,2
DA:4,2
DA:13,2
DA:16,2
DA:72,2
DA:73,2
DA:75,2
LF:8
LH:8
BRF:0
BRH:0
end_of_record
TN:
SF:routers\customerRouter.js
FNF:0
FNH:0
DA:1,2
DA:2,2
DA:3,2
DA:4,2
DA:5,2
DA:6,2
DA:7,2
DA:8,2
DA:9,2
DA:11,2
DA:12,2
DA:15,2
DA:16,2
DA:17,2
DA:19,2
DA:20,2
DA:21,2
DA:23,2
DA:25,2
DA:26,2
DA:27,2
DA:28,2
DA:29,2
DA:31,2
LF:24
LH:24
BRF:0
BRH:0
end_of_record
TN:
SF:routers\index.js
FNF:0
FNH:0
DA:1,2
DA:2,2
DA:3,2
DA:5,2
DA:6,2
DA:8,2
LF:6
LH:6
BRF:0
BRH:0
end_of_record
TN:
SF:routers\ownerRouter.js
FNF:0
FNH:0
DA:1,2
DA:2,2
DA:3,2
DA:4,2
DA:5,2
DA:6,2
DA:7,2
DA:10,2
DA:11,2
DA:13,2
DA:14,2
DA:15,2
DA:17,2
DA:18,2
DA:19,2
DA:20,2
DA:21,2
DA:23,2
DA:24,2
DA:26,2
DA:28,2
LF:21
LH:21
BRF:0
BRH:0
end_of_record
