TN:
SF:app.js
FNF:0
FNH:0
DA:1,1
DA:2,1
DA:4,1
DA:5,1
DA:6,1
DA:7,1
DA:9,1
DA:10,1
DA:12,1
DA:13,1
DA:14,1
DA:16,1
DA:17,1
DA:19,1
LF:14
LH:14
BRDA:1,0,0,1
BRDA:1,0,1,0
BRDA:6,1,0,1
BRDA:6,1,1,0
BRF:4
BRH:2
end_of_record
TN:
SF:controllers\CourtCategoryController.js
FN:5,(anonymous_0)
FN:26,(anonymous_1)
FN:27,(anonymous_2)
FN:45,(anonymous_3)
FN:63,(anonymous_4)
FN:81,(anonymous_5)
FN:114,(anonymous_6)
FN:133,(anonymous_7)
FN:144,(anonymous_8)
FN:157,(anonymous_9)
FN:179,(anonymous_10)
FN:206,(anonymous_11)
FNF:12
FNH:4
FNDA:0,(anonymous_0)
FNDA:0,(anonymous_1)
FNDA:0,(anonymous_2)
FNDA:1,(anonymous_3)
FNDA:6,(anonymous_4)
FNDA:1,(anonymous_5)
FNDA:6,(anonymous_6)
FNDA:0,(anonymous_7)
FNDA:0,(anonymous_8)
FNDA:0,(anonymous_9)
FNDA:0,(anonymous_10)
FNDA:0,(anonymous_11)
DA:1,1
DA:2,1
DA:4,1
DA:6,0
DA:7,0
DA:8,0
DA:26,0
DA:27,0
DA:28,0
DA:37,0
DA:41,0
DA:46,1
DA:47,1
DA:48,1
DA:63,1
DA:64,6
DA:73,1
DA:77,0
DA:82,1
DA:83,1
DA:84,1
DA:85,1
DA:87,1
DA:112,1
DA:114,1
DA:115,6
DA:125,1
DA:129,0
DA:134,0
DA:135,0
DA:136,0
DA:137,0
DA:143,0
DA:144,0
DA:147,0
DA:153,0
DA:158,0
DA:159,0
DA:161,0
DA:162,0
DA:171,0
DA:175,0
DA:180,0
DA:182,0
DA:183,0
DA:198,0
DA:202,0
DA:207,0
DA:209,0
DA:210,0
DA:214,0
DA:218,0
LF:52
LH:18
BRDA:83,0,0,1
BRDA:83,0,1,1
BRDA:84,1,0,1
BRDA:84,1,1,1
BRDA:85,2,0,1
BRDA:85,2,1,1
BRF:6
BRH:6
end_of_record
TN:
SF:controllers\CourtController.js
FN:4,(anonymous_0)
FN:18,(anonymous_1)
FN:29,(anonymous_2)
FNF:3
FNH:1
FNDA:0,(anonymous_0)
FNDA:1,(anonymous_1)
FNDA:0,(anonymous_2)
DA:1,1
DA:3,1
DA:5,0
DA:6,0
DA:7,0
DA:11,0
DA:13,0
DA:14,0
DA:19,1
DA:20,1
DA:22,1
DA:24,0
DA:25,0
DA:30,0
DA:31,0
DA:33,0
DA:35,0
DA:37,0
DA:39,0
DA:41,0
DA:51,0
DA:55,0
LF:22
LH:5
BRF:0
BRH:0
end_of_record
TN:
SF:controllers\CourtDetailController.js
FN:4,(anonymous_0)
FN:23,(anonymous_1)
FNF:2
FNH:2
FNDA:1,(anonymous_0)
FNDA:24,(anonymous_1)
DA:1,1
DA:5,1
DA:6,1
DA:7,1
DA:19,1
DA:20,1
DA:21,1
DA:22,1
DA:23,24
DA:26,1
DA:28,0
DA:32,1
LF:12
LH:11
BRDA:23,0,0,24
BRDA:23,0,1,16
BRF:2
BRH:2
end_of_record
TN:
SF:controllers\OrderScheduleController.js
FN:10,(anonymous_0)
FN:30,(anonymous_1)
FN:74,(anonymous_2)
FN:92,(anonymous_3)
FN:119,(anonymous_4)
FN:121,(anonymous_5)
FNF:6
FNH:0
FNDA:0,(anonymous_0)
FNDA:0,(anonymous_1)
FNDA:0,(anonymous_2)
FNDA:0,(anonymous_3)
FNDA:0,(anonymous_4)
FNDA:0,(anonymous_5)
DA:8,1
DA:11,0
DA:12,0
DA:13,0
DA:29,0
DA:30,0
DA:31,0
DA:34,0
DA:40,0
DA:41,0
DA:42,0
DA:52,0
DA:54,0
DA:55,0
DA:57,0
DA:65,0
DA:69,0
DA:70,0
DA:75,0
DA:76,0
DA:77,0
DA:85,0
DA:87,0
DA:88,0
DA:93,0
DA:94,0
DA:95,0
DA:118,0
DA:119,0
DA:121,0
DA:122,0
DA:123,0
DA:131,0
DA:133,0
DA:134,0
DA:138,1
LF:36
LH:2
BRDA:54,0,0,0
BRDA:54,0,1,0
BRF:2
BRH:0
end_of_record
TN:
SF:controllers\PaymentController.js
FN:5,(anonymous_0)
FN:58,(anonymous_1)
FN:80,(anonymous_2)
FN:109,(anonymous_3)
FNF:4
FNH:1
FNDA:2,(anonymous_0)
FNDA:0,(anonymous_1)
FNDA:0,(anonymous_2)
FNDA:0,(anonymous_3)
DA:1,1
DA:2,1
DA:6,2
DA:7,2
DA:8,2
DA:9,2
DA:40,2
DA:42,2
DA:43,2
DA:45,2
DA:47,2
DA:54,0
DA:59,0
DA:60,0
DA:61,0
DA:62,0
DA:64,0
DA:65,0
DA:66,0
DA:71,0
DA:73,0
DA:75,0
DA:76,0
DA:81,0
DA:82,0
DA:83,0
DA:84,0
DA:85,0
DA:86,0
DA:95,0
DA:101,0
DA:105,0
DA:110,0
DA:111,0
DA:112,0
DA:113,0
DA:114,0
DA:116,0
DA:125,0
DA:131,0
DA:135,0
DA:140,1
LF:42
LH:12
BRF:0
BRH:0
end_of_record
TN:
SF:controllers\SchedulesControllers.js
FN:4,(anonymous_0)
FNF:1
FNH:0
FNDA:0,(anonymous_0)
DA:1,1
DA:5,0
DA:6,0
DA:12,0
DA:14,0
DA:18,1
LF:6
LH:2
BRF:0
BRH:0
end_of_record
TN:
SF:controllers\UserController.js
FN:5,(anonymous_0)
FN:40,(anonymous_1)
FN:82,(anonymous_2)
FNF:3
FNH:3
FNDA:4,(anonymous_0)
FNDA:3,(anonymous_1)
FNDA:1,(anonymous_2)
DA:1,1
DA:2,1
DA:6,4
DA:8,4
DA:9,4
DA:11,4
DA:20,4
DA:31,1
DA:35,3
DA:36,3
DA:41,3
DA:42,3
DA:43,3
DA:44,0
DA:47,3
DA:51,3
DA:52,1
DA:55,2
DA:57,2
DA:58,1
DA:61,1
DA:65,1
DA:67,1
DA:68,1
DA:69,1
DA:70,1
DA:77,2
DA:78,2
DA:83,1
DA:84,1
DA:86,1
DA:88,1
DA:90,0
DA:91,0
DA:96,1
LF:35
LH:32
BRDA:43,0,0,0
BRDA:43,0,1,3
BRDA:43,1,0,3
BRDA:43,1,1,3
BRDA:51,2,0,1
BRDA:51,2,1,2
BRDA:57,3,0,1
BRDA:57,3,1,1
BRF:8
BRH:7
end_of_record
TN:
SF:helpers\index.js
FN:4,(anonymous_0)
FN:6,(anonymous_1)
FN:9,(anonymous_2)
FN:11,(anonymous_3)
FNF:4
FNH:4
FNDA:8,(anonymous_0)
FNDA:2,(anonymous_1)
FNDA:1,(anonymous_2)
FNDA:7,(anonymous_3)
DA:1,1
DA:2,1
DA:4,8
DA:6,1
DA:7,2
DA:9,1
DA:11,7
DA:13,1
LF:8
LH:8
BRF:0
BRH:0
end_of_record
TN:
SF:helpers\midtrans.js
FNF:0
FNH:0
DA:1,1
DA:3,1
DA:9,1
LF:3
LH:3
BRF:0
BRH:0
end_of_record
TN:
SF:middlewares\authentication.js
FN:4,authentication
FNF:1
FNH:1
FNDA:7,authentication
DA:1,1
DA:2,1
DA:5,7
DA:6,7
DA:7,7
DA:8,0
DA:13,7
DA:14,7
DA:15,7
DA:16,0
DA:21,7
DA:23,7
DA:27,7
DA:34,7
DA:35,0
DA:37,7
DA:39,0
DA:43,1
LF:18
LH:14
BRDA:7,0,0,0
BRDA:7,0,1,7
BRDA:15,1,0,0
BRDA:15,1,1,7
BRDA:34,2,0,0
BRDA:34,2,1,7
BRF:6
BRH:3
end_of_record
TN:
SF:middlewares\errorHandlers.js
FN:1,errorHandlers
FN:6,(anonymous_1)
FNF:2
FNH:2
FNDA:5,errorHandlers
FNDA:3,(anonymous_1)
DA:2,5
DA:6,3
DA:7,2
DA:8,0
DA:11,2
DA:12,0
DA:15,2
DA:16,2
DA:19,0
DA:20,0
DA:23,0
DA:24,0
DA:27,0
DA:28,0
DA:31,0
DA:32,0
DA:36,0
DA:42,1
LF:18
LH:7
BRDA:2,0,0,3
BRDA:2,0,1,2
BRDA:3,1,0,5
BRDA:3,1,1,2
BRDA:7,2,0,0
BRDA:7,2,1,2
BRDA:11,3,0,0
BRDA:11,3,1,2
BRDA:15,4,0,2
BRDA:15,4,1,0
BRDA:19,5,0,0
BRDA:19,5,1,0
BRDA:23,6,0,0
BRDA:23,6,1,0
BRDA:27,7,0,0
BRDA:27,7,1,0
BRDA:31,8,0,0
BRDA:31,8,1,0
BRF:18
BRH:7
end_of_record
TN:
SF:models\category.js
FN:3,(anonymous_0)
FN:10,(anonymous_1)
FNF:2
FNH:2
FNDA:1,(anonymous_0)
FNDA:1,(anonymous_1)
DA:2,1
DA:3,1
DA:12,1
DA:15,1
DA:47,1
LF:5
LH:5
BRF:0
BRH:0
end_of_record
TN:
SF:models\court.js
FN:3,(anonymous_0)
FN:10,(anonymous_1)
FNF:2
FNH:2
FNDA:1,(anonymous_0)
FNDA:1,(anonymous_1)
DA:2,1
DA:3,1
DA:12,1
DA:13,1
DA:16,1
DA:97,1
LF:6
LH:6
BRF:0
BRH:0
end_of_record
TN:
SF:models\courtcategory.js
FN:3,(anonymous_0)
FN:10,(anonymous_1)
FNF:2
FNH:2
FNDA:1,(anonymous_0)
FNDA:1,(anonymous_1)
DA:2,1
DA:3,1
DA:12,1
DA:13,1
DA:14,1
DA:15,1
DA:18,1
DA:62,1
LF:8
LH:8
BRF:0
BRH:0
end_of_record
TN:
SF:models\image.js
FN:3,(anonymous_0)
FN:10,(anonymous_1)
FNF:2
FNH:2
FNDA:1,(anonymous_0)
FNDA:1,(anonymous_1)
DA:2,1
DA:3,1
DA:12,1
DA:15,1
DA:47,1
LF:5
LH:5
BRF:0
BRH:0
end_of_record
TN:
SF:models\index.js
FN:20,(anonymous_0)
FN:23,(anonymous_1)
FN:28,(anonymous_2)
FNF:3
FNH:3
FNDA:9,(anonymous_0)
FNDA:8,(anonymous_1)
FNDA:8,(anonymous_2)
DA:3,1
DA:4,1
DA:5,1
DA:6,1
DA:7,1
DA:8,1
DA:9,1
DA:12,1
DA:13,0
DA:15,1
DA:18,1
DA:21,9
DA:24,8
DA:25,8
DA:28,1
DA:29,8
DA:30,8
DA:34,1
DA:35,1
DA:37,1
LF:20
LH:19
BRDA:7,0,0,1
BRDA:7,0,1,0
BRDA:12,1,0,0
BRDA:12,1,1,1
BRDA:21,2,0,9
BRDA:21,2,1,9
BRDA:21,2,2,8
BRDA:29,3,0,8
BRDA:29,3,1,0
BRF:9
BRH:6
end_of_record
TN:
SF:models\order.js
FN:3,(anonymous_0)
FN:10,(anonymous_1)
FNF:2
FNH:2
FNDA:1,(anonymous_0)
FNDA:1,(anonymous_1)
DA:2,1
DA:3,1
DA:12,1
DA:13,1
DA:16,1
DA:49,1
LF:6
LH:6
BRF:0
BRH:0
end_of_record
TN:
SF:models\orderdetail.js
FN:3,(anonymous_0)
FN:10,(anonymous_1)
FNF:2
FNH:2
FNDA:1,(anonymous_0)
FNDA:1,(anonymous_1)
DA:2,1
DA:3,1
DA:12,1
DA:15,1
DA:95,1
LF:5
LH:5
BRF:0
BRH:0
end_of_record
TN:
SF:models\schedule.js
FN:5,(anonymous_0)
FN:12,(anonymous_1)
FNF:2
FNH:2
FNDA:1,(anonymous_0)
FNDA:1,(anonymous_1)
DA:4,1
DA:5,1
DA:16,1
DA:22,1
LF:4
LH:4
BRF:0
BRH:0
end_of_record
TN:
SF:models\user.js
FN:4,(anonymous_0)
FN:11,(anonymous_1)
FN:72,(anonymous_2)
FNF:3
FNH:3
FNDA:1,(anonymous_0)
FNDA:1,(anonymous_1)
FNDA:1,(anonymous_2)
DA:2,1
DA:3,1
DA:4,1
DA:13,1
DA:16,1
DA:72,1
DA:73,1
DA:75,1
LF:8
LH:8
BRF:0
BRH:0
end_of_record
TN:
SF:routers\customerRouter.js
FNF:0
FNH:0
DA:1,1
DA:2,1
DA:3,1
DA:4,1
DA:5,1
DA:6,1
DA:7,1
DA:8,1
DA:9,1
DA:11,1
DA:12,1
DA:15,1
DA:16,1
DA:18,1
DA:19,1
DA:20,1
DA:22,1
DA:24,1
DA:25,1
DA:26,1
DA:27,1
DA:28,1
DA:31,1
LF:23
LH:23
BRF:0
BRH:0
end_of_record
TN:
SF:routers\index.js
FNF:0
FNH:0
DA:1,1
DA:2,1
DA:3,1
DA:5,1
DA:6,1
DA:8,1
LF:6
LH:6
BRF:0
BRH:0
end_of_record
TN:
SF:routers\ownerRouter.js
FNF:0
FNH:0
DA:1,1
DA:2,1
DA:3,1
DA:4,1
DA:5,1
DA:6,1
DA:7,1
DA:10,1
DA:11,1
DA:13,1
DA:14,1
DA:15,1
DA:17,1
DA:18,1
DA:19,1
DA:20,1
DA:21,1
DA:23,1
DA:24,1
DA:26,1
LF:20
LH:20
BRF:0
BRH:0
end_of_record
